<?xml version="1.0" encoding="UTF-8"?>
<testsuite xmlns:xsi="http://www.w3.org/2001/XMLSchema-instance" xsi:noNamespaceSchemaLocation="https://maven.apache.org/surefire/maven-surefire-plugin/xsd/surefire-test-report.xsd" version="3.0.2" name="com.skrg.sekoraga.SekoragaApplicationTests" time="39.184" tests="1" errors="0" skipped="0" failures="0">
  <properties>
[...]
</properties>
  <testcase name="contextLoads" classname="com.skrg.sekoraga.SekoragaApplicationTests" time="1.933">
    <system-out><![CDATA[13:49:41.438 [main] INFO org.springframework.boot.devtools.restart.RestartApplicationListener -- Restart disabled due to context in which it is running

  .   ____          _            __ _ _
 /\\ / ___'_ __ _ _(_)_ __  __ _ \ \ \ \
( ( )\___ | '_ | '_| | '_ \/ _` | \ \ \ \
 \\/  ___)| |_)| | | | | || (_| |  ) ) ) )
  '  |____| .__|_| |_|_| |_\__, | / / / /
 =========|_|==============|___/=/_/_/_/

 :: Spring Boot ::                (v3.4.5)

2025-06-15T13:49:42.207+07:00  INFO 20524 --- [Sekoraga] [           main] c.s.sekoraga.SekoragaApplicationTests    : Starting SekoragaApplicationTests using Java 21.0.7 with PID 20524 (started by muhamad.yoga in D:\SEKORAGA\BACKEND)
2025-06-15T13:49:42.208+07:00  INFO 20524 --- [Sekoraga] [           main] c.s.sekoraga.SekoragaApplicationTests    : The following 1 profile is active: "dev"
2025-06-15T13:49:42.210+07:00 DEBUG 20524 --- [Sekoraga] [           main] o.s.boot.SpringApplication               : Loading source class com.skrg.sekoraga.sekoragaApplication
2025-06-15T13:49:42.280+07:00 DEBUG 20524 --- [Sekoraga] [           main] o.s.w.c.s.GenericWebApplicationContext   : Refreshing org.springframework.web.context.support.GenericWebApplicationContext@2caf6912
2025-06-15T13:49:42.314+07:00 DEBUG 20524 --- [Sekoraga] [           main] o.s.b.f.s.DefaultListableBeanFactory     : Creating shared instance of singleton bean 'org.springframework.context.annotation.internalConfigurationAnnotationProcessor'
2025-06-15T13:49:42.339+07:00 DEBUG 20524 --- [Sekoraga] [           main] o.s.b.f.s.DefaultListableBeanFactory     : Creating shared instance of singleton bean 'org.springframework.boot.autoconfigure.internalCachingMetadataReaderFactory'
2025-06-15T13:49:42.536+07:00 DEBUG 20524 --- [Sekoraga] [           main] o.s.c.a.ClassPathBeanDefinitionScanner   : Identified candidate component class: file [D:\SEKORAGA\BACKEND\target\classes\com\skrg\sekoraga\config\CacheConfig.class]
2025-06-15T13:49:42.604+07:00 DEBUG 20524 --- [Sekoraga] [           main] o.s.c.a.ClassPathBeanDefinitionScanner   : Identified candidate component class: file [D:\SEKORAGA\BACKEND\target\classes\com\skrg\sekoraga\config\DatabaseConfig.class]
2025-06-15T13:49:42.635+07:00 DEBUG 20524 --- [Sekoraga] [           main] o.s.c.a.ClassPathBeanDefinitionScanner   : Identified candidate component class: file [D:\SEKORAGA\BACKEND\target\classes\com\skrg\sekoraga\config\OpenApiConfig.class]
2025-06-15T13:49:42.692+07:00 DEBUG 20524 --- [Sekoraga] [           main] o.s.c.a.ClassPathBeanDefinitionScanner   : Identified candidate component class: file [D:\SEKORAGA\BACKEND\target\classes\com\skrg\sekoraga\config\SecurityConfig.class]
2025-06-15T13:49:42.752+07:00 DEBUG 20524 --- [Sekoraga] [           main] o.s.c.a.ClassPathBeanDefinitionScanner   : Identified candidate component class: file [D:\SEKORAGA\BACKEND\target\classes\com\skrg\sekoraga\config\WebConfig.class]
2025-06-15T13:49:43.313+07:00 DEBUG 20524 --- [Sekoraga] [           main] o.s.c.a.ClassPathBeanDefinitionScanner   : Ignored because not a concrete top-level class: file [D:\SEKORAGA\BACKEND\target\classes\com\skrg\sekoraga\repository\AdAuthorityRepository.class]
2025-06-15T13:49:43.338+07:00 DEBUG 20524 --- [Sekoraga] [           main] o.s.c.a.ClassPathBeanDefinitionScanner   : Ignored because not a concrete top-level class: file [D:\SEKORAGA\BACKEND\target\classes\com\skrg\sekoraga\repository\AdUserActivityLogRepository.class]
2025-06-15T13:49:43.399+07:00 DEBUG 20524 --- [Sekoraga] [           main] o.s.c.a.ClassPathBeanDefinitionScanner   : Ignored because not a concrete top-level class: file [D:\SEKORAGA\BACKEND\target\classes\com\skrg\sekoraga\repository\AdUserRepository.class]
2025-06-15T13:49:43.466+07:00 DEBUG 20524 --- [Sekoraga] [           main] o.s.c.a.ClassPathBeanDefinitionScanner   : Ignored because not a concrete top-level class: file [D:\SEKORAGA\BACKEND\target\classes\com\skrg\sekoraga\repository\CActivityScheduleRepository.class]
2025-06-15T13:49:43.497+07:00 DEBUG 20524 --- [Sekoraga] [           main] o.s.c.a.ClassPathBeanDefinitionScanner   : Ignored because not a concrete top-level class: file [D:\SEKORAGA\BACKEND\target\classes\com\skrg\sekoraga\repository\CAttachmentRepository.class]
2025-06-15T13:49:43.532+07:00 DEBUG 20524 --- [Sekoraga] [           main] o.s.c.a.ClassPathBeanDefinitionScanner   : Ignored because not a concrete top-level class: file [D:\SEKORAGA\BACKEND\target\classes\com\skrg\sekoraga\repository\CExerciseCategoryRepository.class]
2025-06-15T13:49:43.563+07:00 DEBUG 20524 --- [Sekoraga] [           main] o.s.c.a.ClassPathBeanDefinitionScanner   : Ignored because not a concrete top-level class: file [D:\SEKORAGA\BACKEND\target\classes\com\skrg\sekoraga\repository\CExerciseVideoRepository.class]
2025-06-15T13:49:43.675+07:00 DEBUG 20524 --- [Sekoraga] [           main] o.s.c.a.ClassPathBeanDefinitionScanner   : Identified candidate component class: file [D:\SEKORAGA\BACKEND\target\classes\com\skrg\sekoraga\security\jwt\TokenProvider.class]
2025-06-15T13:49:43.758+07:00 DEBUG 20524 --- [Sekoraga] [           main] o.s.c.a.ClassPathBeanDefinitionScanner   : Identified candidate component class: file [D:\SEKORAGA\BACKEND\target\classes\com\skrg\sekoraga\security\SpringSecurityAuditorAware.class]
2025-06-15T13:49:43.778+07:00 DEBUG 20524 --- [Sekoraga] [           main] o.s.c.a.ClassPathBeanDefinitionScanner   : Identified candidate component class: file [D:\SEKORAGA\BACKEND\target\classes\com\skrg\sekoraga\service\AdAuthorityQueryService.class]
2025-06-15T13:49:43.797+07:00 DEBUG 20524 --- [Sekoraga] [           main] o.s.c.a.ClassPathBeanDefinitionScanner   : Identified candidate component class: file [D:\SEKORAGA\BACKEND\target\classes\com\skrg\sekoraga\service\AdAuthorityService.class]
2025-06-15T13:49:43.813+07:00 DEBUG 20524 --- [Sekoraga] [           main] o.s.c.a.ClassPathBeanDefinitionScanner   : Identified candidate component class: file [D:\SEKORAGA\BACKEND\target\classes\com\skrg\sekoraga\service\AdUserActivityLogService.class]
2025-06-15T13:49:43.833+07:00 DEBUG 20524 --- [Sekoraga] [           main] o.s.c.a.ClassPathBeanDefinitionScanner   : Identified candidate component class: file [D:\SEKORAGA\BACKEND\target\classes\com\skrg\sekoraga\service\AdUserAuthorityQueryService.class]
2025-06-15T13:49:43.852+07:00 DEBUG 20524 --- [Sekoraga] [           main] o.s.c.a.ClassPathBeanDefinitionScanner   : Identified candidate component class: file [D:\SEKORAGA\BACKEND\target\classes\com\skrg\sekoraga\service\AdUserAuthorityService.class]
2025-06-15T13:49:43.868+07:00 DEBUG 20524 --- [Sekoraga] [           main] o.s.c.a.ClassPathBeanDefinitionScanner   : Identified candidate component class: file [D:\SEKORAGA\BACKEND\target\classes\com\skrg\sekoraga\service\AdUserQueryService.class]
2025-06-15T13:49:43.886+07:00 DEBUG 20524 --- [Sekoraga] [           main] o.s.c.a.ClassPathBeanDefinitionScanner   : Identified candidate component class: file [D:\SEKORAGA\BACKEND\target\classes\com\skrg\sekoraga\service\AdUserService.class]
2025-06-15T13:49:43.914+07:00 DEBUG 20524 --- [Sekoraga] [           main] o.s.c.a.ClassPathBeanDefinitionScanner   : Identified candidate component class: file [D:\SEKORAGA\BACKEND\target\classes\com\skrg\sekoraga\service\AuthService.class]
2025-06-15T13:49:43.931+07:00 DEBUG 20524 --- [Sekoraga] [           main] o.s.c.a.ClassPathBeanDefinitionScanner   : Identified candidate component class: file [D:\SEKORAGA\BACKEND\target\classes\com\skrg\sekoraga\service\AuthUserDetailsService.class]
2025-06-15T13:49:43.949+07:00 DEBUG 20524 --- [Sekoraga] [           main] o.s.c.a.ClassPathBeanDefinitionScanner   : Identified candidate component class: file [D:\SEKORAGA\BACKEND\target\classes\com\skrg\sekoraga\service\CActivityScheduleService.class]
2025-06-15T13:49:43.967+07:00 DEBUG 20524 --- [Sekoraga] [           main] o.s.c.a.ClassPathBeanDefinitionScanner   : Identified candidate component class: file [D:\SEKORAGA\BACKEND\target\classes\com\skrg\sekoraga\service\CAttachmentQueryService.class]
2025-06-15T13:49:43.982+07:00 DEBUG 20524 --- [Sekoraga] [           main] o.s.c.a.ClassPathBeanDefinitionScanner   : Identified candidate component class: file [D:\SEKORAGA\BACKEND\target\classes\com\skrg\sekoraga\service\CAttachmentService.class]
2025-06-15T13:49:43.996+07:00 DEBUG 20524 --- [Sekoraga] [           main] o.s.c.a.ClassPathBeanDefinitionScanner   : Identified candidate component class: file [D:\SEKORAGA\BACKEND\target\classes\com\skrg\sekoraga\service\CExerciseCategoryService.class]
2025-06-15T13:49:44.011+07:00 DEBUG 20524 --- [Sekoraga] [           main] o.s.c.a.ClassPathBeanDefinitionScanner   : Identified candidate component class: file [D:\SEKORAGA\BACKEND\target\classes\com\skrg\sekoraga\service\CExerciseVideoService.class]
2025-06-15T13:49:44.261+07:00 DEBUG 20524 --- [Sekoraga] [           main] o.s.c.a.ClassPathBeanDefinitionScanner   : Identified candidate component class: file [D:\SEKORAGA\BACKEND\target\classes\com\skrg\sekoraga\service\mapper\AdAuthorityMapperImpl.class]
2025-06-15T13:49:44.299+07:00 DEBUG 20524 --- [Sekoraga] [           main] o.s.c.a.ClassPathBeanDefinitionScanner   : Identified candidate component class: file [D:\SEKORAGA\BACKEND\target\classes\com\skrg\sekoraga\service\mapper\AdUserActivityLogMapperImpl.class]
2025-06-15T13:49:44.338+07:00 DEBUG 20524 --- [Sekoraga] [           main] o.s.c.a.ClassPathBeanDefinitionScanner   : Identified candidate component class: file [D:\SEKORAGA\BACKEND\target\classes\com\skrg\sekoraga\service\mapper\AdUserAuthorityMapperImpl.class]
2025-06-15T13:49:44.384+07:00 DEBUG 20524 --- [Sekoraga] [           main] o.s.c.a.ClassPathBeanDefinitionScanner   : Identified candidate component class: file [D:\SEKORAGA\BACKEND\target\classes\com\skrg\sekoraga\service\mapper\AdUserMapperImpl.class]
2025-06-15T13:49:44.421+07:00 DEBUG 20524 --- [Sekoraga] [           main] o.s.c.a.ClassPathBeanDefinitionScanner   : Identified candidate component class: file [D:\SEKORAGA\BACKEND\target\classes\com\skrg\sekoraga\service\mapper\CActivityScheduleMapperImpl.class]
2025-06-15T13:49:44.467+07:00 DEBUG 20524 --- [Sekoraga] [           main] o.s.c.a.ClassPathBeanDefinitionScanner   : Identified candidate component class: file [D:\SEKORAGA\BACKEND\target\classes\com\skrg\sekoraga\service\mapper\CAttachmentMapperImpl.class]
2025-06-15T13:49:44.515+07:00 DEBUG 20524 --- [Sekoraga] [           main] o.s.c.a.ClassPathBeanDefinitionScanner   : Identified candidate component class: file [D:\SEKORAGA\BACKEND\target\classes\com\skrg\sekoraga\service\mapper\CExerciseCategoryMapperImpl.class]
2025-06-15T13:49:44.560+07:00 DEBUG 20524 --- [Sekoraga] [           main] o.s.c.a.ClassPathBeanDefinitionScanner   : Identified candidate component class: file [D:\SEKORAGA\BACKEND\target\classes\com\skrg\sekoraga\service\mapper\CExerciseVideoMapperImpl.class]
2025-06-15T13:49:44.578+07:00 DEBUG 20524 --- [Sekoraga] [           main] o.s.c.a.ClassPathBeanDefinitionScanner   : Identified candidate component class: file [D:\SEKORAGA\BACKEND\target\classes\com\skrg\sekoraga\service\query\AdUserActivityLogQueryService.class]
2025-06-15T13:49:44.593+07:00 DEBUG 20524 --- [Sekoraga] [           main] o.s.c.a.ClassPathBeanDefinitionScanner   : Identified candidate component class: file [D:\SEKORAGA\BACKEND\target\classes\com\skrg\sekoraga\service\query\CActivityScheduleQueryService.class]
2025-06-15T13:49:44.613+07:00 DEBUG 20524 --- [Sekoraga] [           main] o.s.c.a.ClassPathBeanDefinitionScanner   : Identified candidate component class: file [D:\SEKORAGA\BACKEND\target\classes\com\skrg\sekoraga\service\query\CExerciseCategoryQueryService.class]
2025-06-15T13:49:44.635+07:00 DEBUG 20524 --- [Sekoraga] [           main] o.s.c.a.ClassPathBeanDefinitionScanner   : Identified candidate component class: file [D:\SEKORAGA\BACKEND\target\classes\com\skrg\sekoraga\service\query\CExerciseVideoQueryService.class]
2025-06-15T13:49:45.317+07:00 DEBUG 20524 --- [Sekoraga] [           main] o.s.c.a.ClassPathBeanDefinitionScanner   : Identified candidate component class: file [D:\SEKORAGA\BACKEND\target\classes\com\skrg\sekoraga\web\AdUserAuthorityResource.class]
2025-06-15T13:49:45.337+07:00 DEBUG 20524 --- [Sekoraga] [           main] o.s.c.a.ClassPathBeanDefinitionScanner   : Identified candidate component class: file [D:\SEKORAGA\BACKEND\target\classes\com\skrg\sekoraga\web\rest\AdAuthorityResource.class]
2025-06-15T13:49:45.355+07:00 DEBUG 20524 --- [Sekoraga] [           main] o.s.c.a.ClassPathBeanDefinitionScanner   : Identified candidate component class: file [D:\SEKORAGA\BACKEND\target\classes\com\skrg\sekoraga\web\rest\AdUserActivityLogResource.class]
2025-06-15T13:49:45.377+07:00 DEBUG 20524 --- [Sekoraga] [           main] o.s.c.a.ClassPathBeanDefinitionScanner   : Identified candidate component class: file [D:\SEKORAGA\BACKEND\target\classes\com\skrg\sekoraga\web\rest\AdUserResource.class]
2025-06-15T13:49:45.400+07:00 DEBUG 20524 --- [Sekoraga] [           main] o.s.c.a.ClassPathBeanDefinitionScanner   : Identified candidate component class: file [D:\SEKORAGA\BACKEND\target\classes\com\skrg\sekoraga\web\rest\AuthResource.class]
2025-06-15T13:49:45.418+07:00 DEBUG 20524 --- [Sekoraga] [           main] o.s.c.a.ClassPathBeanDefinitionScanner   : Identified candidate component class: file [D:\SEKORAGA\BACKEND\target\classes\com\skrg\sekoraga\web\rest\CActivityScheduleResource.class]
2025-06-15T13:49:45.438+07:00 DEBUG 20524 --- [Sekoraga] [           main] o.s.c.a.ClassPathBeanDefinitionScanner   : Identified candidate component class: file [D:\SEKORAGA\BACKEND\target\classes\com\skrg\sekoraga\web\rest\CAttachmentResource.class]
2025-06-15T13:49:45.458+07:00 DEBUG 20524 --- [Sekoraga] [           main] o.s.c.a.ClassPathBeanDefinitionScanner   : Identified candidate component class: file [D:\SEKORAGA\BACKEND\target\classes\com\skrg\sekoraga\web\rest\CExerciseCategoryResource.class]
2025-06-15T13:49:45.480+07:00 DEBUG 20524 --- [Sekoraga] [           main] o.s.c.a.ClassPathBeanDefinitionScanner   : Identified candidate component class: file [D:\SEKORAGA\BACKEND\target\classes\com\skrg\sekoraga\web\rest\CExerciseVideoResource.class]
2025-06-15T13:49:45.677+07:00 DEBUG 20524 --- [Sekoraga] [           main] o.s.c.a.ClassPathBeanDefinitionScanner   : Identified candidate component class: file [D:\SEKORAGA\BACKEND\target\classes\com\skrg\sekoraga\web\rest\errors\ExceptionTranslator.class]
2025-06-15T13:49:45.948+07:00 DEBUG 20524 --- [Sekoraga] [           main] o.s.c.a.ClassPathBeanDefinitionScanner   : Identified candidate component class: file [D:\SEKORAGA\BACKEND\target\classes\com\skrg\sekoraga\WelcomeController.class]
2025-06-15T13:49:47.406+07:00  INFO 20524 --- [Sekoraga] [           main] .s.d.r.c.RepositoryConfigurationDelegate : Multiple Spring Data modules found, entering strict repository configuration mode
2025-06-15T13:49:47.408+07:00  INFO 20524 --- [Sekoraga] [           main] .s.d.r.c.RepositoryConfigurationDelegate : Bootstrapping Spring Data JPA repositories in DEFAULT mode.
2025-06-15T13:49:47.437+07:00 DEBUG 20524 --- [Sekoraga] [           main] .s.d.r.c.RepositoryConfigurationDelegate : Scanning for JPA repositories in packages com.bhp.skrg.repository.
2025-06-15T13:49:47.461+07:00  INFO 20524 --- [Sekoraga] [           main] .s.d.r.c.RepositoryConfigurationDelegate : Finished Spring Data repository scanning in 20 ms. Found 0 JPA repository interfaces.
2025-06-15T13:49:47.512+07:00  INFO 20524 --- [Sekoraga] [           main] .s.d.r.c.RepositoryConfigurationDelegate : Multiple Spring Data modules found, entering strict repository configuration mode
2025-06-15T13:49:47.514+07:00  INFO 20524 --- [Sekoraga] [           main] .s.d.r.c.RepositoryConfigurationDelegate : Bootstrapping Spring Data JPA repositories in DEFAULT mode.
2025-06-15T13:49:47.518+07:00 DEBUG 20524 --- [Sekoraga] [           main] .s.d.r.c.RepositoryConfigurationDelegate : Scanning for JPA repositories in packages com.skrg.sekoraga.repository.
2025-06-15T13:49:47.522+07:00 DEBUG 20524 --- [Sekoraga] [           main] .i.s.PathMatchingResourcePatternResolver : Skipping search for files matching pattern [**/*.class]: directory [D:\SEKORAGA\BACKEND\target\test-classes\com\skrg\sekoraga\repository] does not exist
2025-06-15T13:49:47.528+07:00 DEBUG 20524 --- [Sekoraga] [           main] o.s.d.r.c.RepositoryComponentProvider    : Identified candidate component class: file [D:\SEKORAGA\BACKEND\target\classes\com\skrg\sekoraga\repository\AdAuthorityRepository.class]
2025-06-15T13:49:47.528+07:00 DEBUG 20524 --- [Sekoraga] [           main] o.s.d.r.c.RepositoryComponentProvider    : Identified candidate component class: file [D:\SEKORAGA\BACKEND\target\classes\com\skrg\sekoraga\repository\AdUserActivityLogRepository.class]
2025-06-15T13:49:47.530+07:00 DEBUG 20524 --- [Sekoraga] [           main] o.s.d.r.c.RepositoryComponentProvider    : Identified candidate component class: file [D:\SEKORAGA\BACKEND\target\classes\com\skrg\sekoraga\repository\AdUserAuthorityRepository.class]
2025-06-15T13:49:47.530+07:00 DEBUG 20524 --- [Sekoraga] [           main] o.s.d.r.c.RepositoryComponentProvider    : Identified candidate component class: file [D:\SEKORAGA\BACKEND\target\classes\com\skrg\sekoraga\repository\AdUserRepository.class]
2025-06-15T13:49:47.530+07:00 DEBUG 20524 --- [Sekoraga] [           main] o.s.d.r.c.RepositoryComponentProvider    : Identified candidate component class: file [D:\SEKORAGA\BACKEND\target\classes\com\skrg\sekoraga\repository\AuthorityRepository.class]
2025-06-15T13:49:47.530+07:00 DEBUG 20524 --- [Sekoraga] [           main] o.s.d.r.c.RepositoryComponentProvider    : Identified candidate component class: file [D:\SEKORAGA\BACKEND\target\classes\com\skrg\sekoraga\repository\CActivityScheduleRepository.class]
2025-06-15T13:49:47.530+07:00 DEBUG 20524 --- [Sekoraga] [           main] o.s.d.r.c.RepositoryComponentProvider    : Identified candidate component class: file [D:\SEKORAGA\BACKEND\target\classes\com\skrg\sekoraga\repository\CAttachmentRepository.class]
2025-06-15T13:49:47.530+07:00 DEBUG 20524 --- [Sekoraga] [           main] o.s.d.r.c.RepositoryComponentProvider    : Identified candidate component class: file [D:\SEKORAGA\BACKEND\target\classes\com\skrg\sekoraga\repository\CExerciseCategoryRepository.class]
2025-06-15T13:49:47.532+07:00 DEBUG 20524 --- [Sekoraga] [           main] o.s.d.r.c.RepositoryComponentProvider    : Identified candidate component class: file [D:\SEKORAGA\BACKEND\target\classes\com\skrg\sekoraga\repository\CExerciseVideoRepository.class]
2025-06-15T13:49:48.135+07:00 DEBUG 20524 --- [Sekoraga] [           main] .i.s.PathMatchingResourcePatternResolver : Skipping search for files matching pattern [**/*Impl.class]: directory [D:\SEKORAGA\BACKEND\target\test-classes\com\skrg\sekoraga\repository] does not exist
2025-06-15T13:49:48.278+07:00  INFO 20524 --- [Sekoraga] [           main] .s.d.r.c.RepositoryConfigurationDelegate : Finished Spring Data repository scanning in 759 ms. Found 9 JPA repository interfaces.
2025-06-15T13:49:50.912+07:00  INFO 20524 --- [Sekoraga] [           main] .s.d.r.c.RepositoryConfigurationDelegate : Multiple Spring Data modules found, entering strict repository configuration mode
2025-06-15T13:49:50.912+07:00  INFO 20524 --- [Sekoraga] [           main] .s.d.r.c.RepositoryConfigurationDelegate : Bootstrapping Spring Data JDBC repositories in DEFAULT mode.
2025-06-15T13:49:50.921+07:00 DEBUG 20524 --- [Sekoraga] [           main] o.s.b.f.s.DefaultListableBeanFactory     : Creating shared instance of singleton bean 'org.springframework.boot.autoconfigure.AutoConfigurationPackages'
2025-06-15T13:49:50.967+07:00 DEBUG 20524 --- [Sekoraga] [           main] o.s.b.a.AutoConfigurationPackages        : @EnableAutoConfiguration was declared on a class in the package 'com.skrg.sekoraga'. Automatic @Repository and @Entity scanning is enabled.
2025-06-15T13:49:50.968+07:00 DEBUG 20524 --- [Sekoraga] [           main] .s.d.r.c.RepositoryConfigurationDelegate : Scanning for JDBC repositories in packages com.skrg.sekoraga.
2025-06-15T13:49:51.092+07:00 DEBUG 20524 --- [Sekoraga] [           main] o.s.d.r.c.RepositoryComponentProvider    : Identified candidate component class: file [D:\SEKORAGA\BACKEND\target\classes\com\skrg\sekoraga\repository\AdAuthorityRepository.class]
2025-06-15T13:49:51.092+07:00 DEBUG 20524 --- [Sekoraga] [           main] o.s.d.r.c.RepositoryComponentProvider    : Identified candidate component class: file [D:\SEKORAGA\BACKEND\target\classes\com\skrg\sekoraga\repository\AdUserActivityLogRepository.class]
2025-06-15T13:49:51.105+07:00 DEBUG 20524 --- [Sekoraga] [           main] o.s.d.r.c.RepositoryComponentProvider    : Identified candidate component class: file [D:\SEKORAGA\BACKEND\target\classes\com\skrg\sekoraga\repository\AdUserAuthorityRepository.class]
2025-06-15T13:49:51.106+07:00 DEBUG 20524 --- [Sekoraga] [           main] o.s.d.r.c.RepositoryComponentProvider    : Identified candidate component class: file [D:\SEKORAGA\BACKEND\target\classes\com\skrg\sekoraga\repository\AdUserRepository.class]
2025-06-15T13:49:51.106+07:00 DEBUG 20524 --- [Sekoraga] [           main] o.s.d.r.c.RepositoryComponentProvider    : Identified candidate component class: file [D:\SEKORAGA\BACKEND\target\classes\com\skrg\sekoraga\repository\AuthorityRepository.class]
2025-06-15T13:49:51.120+07:00 DEBUG 20524 --- [Sekoraga] [           main] o.s.d.r.c.RepositoryComponentProvider    : Identified candidate component class: file [D:\SEKORAGA\BACKEND\target\classes\com\skrg\sekoraga\repository\CActivityScheduleRepository.class]
2025-06-15T13:49:51.120+07:00 DEBUG 20524 --- [Sekoraga] [           main] o.s.d.r.c.RepositoryComponentProvider    : Identified candidate component class: file [D:\SEKORAGA\BACKEND\target\classes\com\skrg\sekoraga\repository\CAttachmentRepository.class]
2025-06-15T13:49:51.121+07:00 DEBUG 20524 --- [Sekoraga] [           main] o.s.d.r.c.RepositoryComponentProvider    : Identified candidate component class: file [D:\SEKORAGA\BACKEND\target\classes\com\skrg\sekoraga\repository\CExerciseCategoryRepository.class]
2025-06-15T13:49:51.121+07:00 DEBUG 20524 --- [Sekoraga] [           main] o.s.d.r.c.RepositoryComponentProvider    : Identified candidate component class: file [D:\SEKORAGA\BACKEND\target\classes\com\skrg\sekoraga\repository\CExerciseVideoRepository.class]
2025-06-15T13:49:51.231+07:00  INFO 20524 --- [Sekoraga] [           main] .RepositoryConfigurationExtensionSupport : Spring Data JDBC - Could not safely identify store assignment for repository candidate interface com.skrg.sekoraga.repository.AdAuthorityRepository; If you want this repository to be a JDBC repository, consider annotating your entities with one of these annotations: org.springframework.data.relational.core.mapping.Table.
2025-06-15T13:49:51.231+07:00  INFO 20524 --- [Sekoraga] [           main] .RepositoryConfigurationExtensionSupport : Spring Data JDBC - Could not safely identify store assignment for repository candidate interface com.skrg.sekoraga.repository.AdUserActivityLogRepository; If you want this repository to be a JDBC repository, consider annotating your entities with one of these annotations: org.springframework.data.relational.core.mapping.Table.
2025-06-15T13:49:51.232+07:00  INFO 20524 --- [Sekoraga] [           main] .RepositoryConfigurationExtensionSupport : Spring Data JDBC - Could not safely identify store assignment for repository candidate interface com.skrg.sekoraga.repository.AdUserAuthorityRepository; If you want this repository to be a JDBC repository, consider annotating your entities with one of these annotations: org.springframework.data.relational.core.mapping.Table.
2025-06-15T13:49:51.239+07:00  INFO 20524 --- [Sekoraga] [           main] .RepositoryConfigurationExtensionSupport : Spring Data JDBC - Could not safely identify store assignment for repository candidate interface com.skrg.sekoraga.repository.AdUserRepository; If you want this repository to be a JDBC repository, consider annotating your entities with one of these annotations: org.springframework.data.relational.core.mapping.Table.
2025-06-15T13:49:51.243+07:00  INFO 20524 --- [Sekoraga] [           main] .RepositoryConfigurationExtensionSupport : Spring Data JDBC - Could not safely identify store assignment for repository candidate interface com.skrg.sekoraga.repository.AuthorityRepository; If you want this repository to be a JDBC repository, consider annotating your entities with one of these annotations: org.springframework.data.relational.core.mapping.Table.
2025-06-15T13:49:51.244+07:00  INFO 20524 --- [Sekoraga] [           main] .RepositoryConfigurationExtensionSupport : Spring Data JDBC - Could not safely identify store assignment for repository candidate interface com.skrg.sekoraga.repository.CActivityScheduleRepository; If you want this repository to be a JDBC repository, consider annotating your entities with one of these annotations: org.springframework.data.relational.core.mapping.Table.
2025-06-15T13:49:51.244+07:00  INFO 20524 --- [Sekoraga] [           main] .RepositoryConfigurationExtensionSupport : Spring Data JDBC - Could not safely identify store assignment for repository candidate interface com.skrg.sekoraga.repository.CAttachmentRepository; If you want this repository to be a JDBC repository, consider annotating your entities with one of these annotations: org.springframework.data.relational.core.mapping.Table.
2025-06-15T13:49:51.245+07:00  INFO 20524 --- [Sekoraga] [           main] .RepositoryConfigurationExtensionSupport : Spring Data JDBC - Could not safely identify store assignment for repository candidate interface com.skrg.sekoraga.repository.CExerciseCategoryRepository; If you want this repository to be a JDBC repository, consider annotating your entities with one of these annotations: org.springframework.data.relational.core.mapping.Table.
2025-06-15T13:49:51.248+07:00  INFO 20524 --- [Sekoraga] [           main] .RepositoryConfigurationExtensionSupport : Spring Data JDBC - Could not safely identify store assignment for repository candidate interface com.skrg.sekoraga.repository.CExerciseVideoRepository; If you want this repository to be a JDBC repository, consider annotating your entities with one of these annotations: org.springframework.data.relational.core.mapping.Table.
2025-06-15T13:49:51.249+07:00  INFO 20524 --- [Sekoraga] [           main] .s.d.r.c.RepositoryConfigurationDelegate : Finished Spring Data repository scanning in 280 ms. Found 0 JDBC repository interfaces.
2025-06-15T13:49:51.625+07:00 DEBUG 20524 --- [Sekoraga] [           main] o.s.b.f.s.DefaultListableBeanFactory     : Creating shared instance of singleton bean 'springSecurityHandlerMappingIntrospectorBeanDefinitionRegistryPostProcessor'
2025-06-15T13:49:52.304+07:00 DEBUG 20524 --- [Sekoraga] [           main] o.s.b.f.s.DefaultListableBeanFactory     : Creating shared instance of singleton bean 'propertySourcesPlaceholderConfigurer'
2025-06-15T13:49:52.334+07:00 DEBUG 20524 --- [Sekoraga] [           main] o.s.b.f.s.DefaultListableBeanFactory     : Creating shared instance of singleton bean 'org.springframework.boot.test.mock.mockito.MockitoPostProcessor'
2025-06-15T13:49:52.341+07:00 DEBUG 20524 --- [Sekoraga] [           main] o.s.b.f.s.DefaultListableBeanFactory     : Creating shared instance of singleton bean 'emBeanDefinitionRegistrarPostProcessor'
2025-06-15T13:49:52.342+07:00 DEBUG 20524 --- [Sekoraga] [           main] o.s.b.f.s.DefaultListableBeanFactory     : Creating shared instance of singleton bean 'org.springframework.boot.sql.init.dependency.DatabaseInitializationDependencyConfigurer$DependsOnDatabaseInitializationPostProcessor'
2025-06-15T13:49:52.942+07:00 DEBUG 20524 --- [Sekoraga] [           main] o.s.b.f.s.DefaultListableBeanFactory     : Creating shared instance of singleton bean 'org.springframework.context.event.internalEventListenerProcessor'
2025-06-15T13:49:52.946+07:00 DEBUG 20524 --- [Sekoraga] [           main] o.s.b.f.s.DefaultListableBeanFactory     : Creating shared instance of singleton bean 'org.springframework.data.jpa.domain.support.AuditingBeanFactoryPostProcessor'
2025-06-15T13:49:52.947+07:00 DEBUG 20524 --- [Sekoraga] [           main] o.s.b.f.s.DefaultListableBeanFactory     : Creating shared instance of singleton bean 'conversionServicePostProcessor'
2025-06-15T13:49:52.969+07:00 DEBUG 20524 --- [Sekoraga] [           main] o.s.b.f.s.DefaultListableBeanFactory     : Creating shared instance of singleton bean 'preserveErrorControllerTargetClassPostProcessor'
2025-06-15T13:49:52.970+07:00 DEBUG 20524 --- [Sekoraga] [           main] o.s.b.f.s.DefaultListableBeanFactory     : Creating shared instance of singleton bean 'springdocBeanFactoryPostProcessor'
2025-06-15T13:49:52.987+07:00 DEBUG 20524 --- [Sekoraga] [           main] o.s.b.f.s.DefaultListableBeanFactory     : Creating shared instance of singleton bean 'org.springframework.context.event.internalEventListenerFactory'
2025-06-15T13:49:52.988+07:00 DEBUG 20524 --- [Sekoraga] [           main] o.s.b.f.s.DefaultListableBeanFactory     : Creating shared instance of singleton bean 'org.springframework.transaction.config.internalTransactionalEventListenerFactory'
2025-06-15T13:49:53.045+07:00 DEBUG 20524 --- [Sekoraga] [           main] o.s.b.f.s.DefaultListableBeanFactory     : Creating shared instance of singleton bean 'org.springframework.boot.test.mock.mockito.MockitoPostProcessor$SpyPostProcessor'
2025-06-15T13:49:53.051+07:00 DEBUG 20524 --- [Sekoraga] [           main] o.s.b.f.s.DefaultListableBeanFactory     : Creating shared instance of singleton bean 'org.springframework.context.annotation.internalAutowiredAnnotationProcessor'
2025-06-15T13:49:53.055+07:00 DEBUG 20524 --- [Sekoraga] [           main] o.s.b.f.s.DefaultListableBeanFactory     : Creating shared instance of singleton bean 'org.springframework.context.annotation.internalCommonAnnotationProcessor'
2025-06-15T13:49:53.066+07:00 DEBUG 20524 --- [Sekoraga] [           main] o.s.b.f.s.DefaultListableBeanFactory     : Creating shared instance of singleton bean 'org.springframework.context.annotation.internalPersistenceAnnotationProcessor'
2025-06-15T13:49:53.067+07:00 DEBUG 20524 --- [Sekoraga] [           main] o.s.b.f.s.DefaultListableBeanFactory     : Creating shared instance of singleton bean 'org.springframework.boot.context.properties.ConfigurationPropertiesBindingPostProcessor'
2025-06-15T13:49:53.070+07:00 DEBUG 20524 --- [Sekoraga] [           main] o.s.b.f.s.DefaultListableBeanFactory     : Creating shared instance of singleton bean 'org.springframework.boot.context.internalConfigurationPropertiesBinder'
2025-06-15T13:49:53.075+07:00 DEBUG 20524 --- [Sekoraga] [           main] o.s.b.f.s.DefaultListableBeanFactory     : Creating shared instance of singleton bean 'jdbcConnectionDetailsHikariBeanPostProcessor'
2025-06-15T13:49:53.085+07:00 DEBUG 20524 --- [Sekoraga] [           main] o.s.b.f.s.DefaultListableBeanFactory     : Creating shared instance of singleton bean 'org.springframework.aop.config.internalAutoProxyCreator'
2025-06-15T13:49:53.152+07:00 DEBUG 20524 --- [Sekoraga] [           main] o.s.b.f.s.DefaultListableBeanFactory     : Creating shared instance of singleton bean 'methodValidationPostProcessor'
2025-06-15T13:49:53.161+07:00 DEBUG 20524 --- [Sekoraga] [           main] o.s.b.f.s.DefaultListableBeanFactory     : Autowiring by type from bean name 'methodValidationPostProcessor' via factory method to bean named 'environment'
2025-06-15T13:49:53.214+07:00 DEBUG 20524 --- [Sekoraga] [           main] o.s.b.f.s.DefaultListableBeanFactory     : Creating shared instance of singleton bean 'org.springframework.boot.context.properties.EnableConfigurationPropertiesRegistrar.methodValidationExcludeFilter'
2025-06-15T13:49:53.248+07:00 DEBUG 20524 --- [Sekoraga] [           main] o.s.b.f.s.DefaultListableBeanFactory     : Creating shared instance of singleton bean 'persistenceExceptionTranslationPostProcessor'
2025-06-15T13:49:53.251+07:00 DEBUG 20524 --- [Sekoraga] [           main] o.s.b.f.s.DefaultListableBeanFactory     : Autowiring by type from bean name 'persistenceExceptionTranslationPostProcessor' via factory method to bean named 'environment'
2025-06-15T13:49:53.255+07:00 DEBUG 20524 --- [Sekoraga] [           main] o.s.b.f.s.DefaultListableBeanFactory     : Creating shared instance of singleton bean 'webServerFactoryCustomizerBeanPostProcessor'
2025-06-15T13:49:53.259+07:00 DEBUG 20524 --- [Sekoraga] [           main] o.s.b.f.s.DefaultListableBeanFactory     : Creating shared instance of singleton bean 'errorPageRegistrarBeanPostProcessor'
2025-06-15T13:49:53.260+07:00 DEBUG 20524 --- [Sekoraga] [           main] o.s.b.f.s.DefaultListableBeanFactory     : Creating shared instance of singleton bean 'healthEndpointGroupsBeanPostProcessor'
2025-06-15T13:49:53.262+07:00 DEBUG 20524 --- [Sekoraga] [           main] o.s.b.f.s.DefaultListableBeanFactory     : Creating shared instance of singleton bean 'org.springframework.cache.config.internalCacheAdvisor'
2025-06-15T13:49:53.262+07:00 DEBUG 20524 --- [Sekoraga] [           main] o.s.b.f.s.DefaultListableBeanFactory     : Creating shared instance of singleton bean 'org.springframework.cache.annotation.ProxyCachingConfiguration'
2025-06-15T13:49:53.262+07:00 DEBUG 20524 --- [Sekoraga] [           main] o.s.b.f.s.DefaultListableBeanFactory     : Creating shared instance of singleton bean 'org.springframework.transaction.config.internalTransactionAdvisor'
2025-06-15T13:49:53.262+07:00 DEBUG 20524 --- [Sekoraga] [           main] o.s.b.f.s.DefaultListableBeanFactory     : Creating shared instance of singleton bean 'org.springframework.transaction.annotation.ProxyTransactionManagementConfiguration'
2025-06-15T13:49:53.265+07:00 DEBUG 20524 --- [Sekoraga] [           main] o.s.b.f.s.DefaultListableBeanFactory     : Creating shared instance of singleton bean 'preFilterAuthorizationAdvisor'
2025-06-15T13:49:53.265+07:00 DEBUG 20524 --- [Sekoraga] [           main] o.s.b.f.s.DefaultListableBeanFactory     : Creating shared instance of singleton bean 'preFilterAuthorizationMethodInterceptor'
2025-06-15T13:49:53.325+07:00 DEBUG 20524 --- [Sekoraga] [           main] o.s.b.f.s.DefaultListableBeanFactory     : Creating shared instance of singleton bean 'preAuthorizeAuthorizationAdvisor'
2025-06-15T13:49:53.325+07:00 DEBUG 20524 --- [Sekoraga] [           main] o.s.b.f.s.DefaultListableBeanFactory     : Creating shared instance of singleton bean 'preAuthorizeAuthorizationMethodInterceptor'
2025-06-15T13:49:53.328+07:00 DEBUG 20524 --- [Sekoraga] [           main] o.s.b.f.s.DefaultListableBeanFactory     : Creating shared instance of singleton bean 'postFilterAuthorizationAdvisor'
2025-06-15T13:49:53.328+07:00 DEBUG 20524 --- [Sekoraga] [           main] o.s.b.f.s.DefaultListableBeanFactory     : Creating shared instance of singleton bean 'postFilterAuthorizationMethodInterceptor'
2025-06-15T13:49:53.329+07:00 DEBUG 20524 --- [Sekoraga] [           main] o.s.b.f.s.DefaultListableBeanFactory     : Creating shared instance of singleton bean 'postAuthorizeAuthorizationAdvisor'
2025-06-15T13:49:53.330+07:00 DEBUG 20524 --- [Sekoraga] [           main] o.s.b.f.s.DefaultListableBeanFactory     : Creating shared instance of singleton bean 'postAuthorizeAuthorizationMethodInterceptor'
2025-06-15T13:49:53.332+07:00 DEBUG 20524 --- [Sekoraga] [           main] o.s.b.f.s.DefaultListableBeanFactory     : Creating shared instance of singleton bean 'securedAuthorizationAdvisor'
2025-06-15T13:49:53.332+07:00 DEBUG 20524 --- [Sekoraga] [           main] o.s.b.f.s.DefaultListableBeanFactory     : Creating shared instance of singleton bean 'securedAuthorizationMethodInterceptor'
2025-06-15T13:49:53.337+07:00 DEBUG 20524 --- [Sekoraga] [           main] o.s.b.f.s.DefaultListableBeanFactory     : Creating shared instance of singleton bean 'authorizeReturnObjectAdvisor'
2025-06-15T13:49:53.337+07:00 DEBUG 20524 --- [Sekoraga] [           main] o.s.b.f.s.DefaultListableBeanFactory     : Creating shared instance of singleton bean 'authorizeReturnObjectMethodInterceptor'
2025-06-15T13:49:53.341+07:00 DEBUG 20524 --- [Sekoraga] [           main] o.s.b.f.s.DefaultListableBeanFactory     : Creating shared instance of singleton bean 'authorizationProxyFactory'
2025-06-15T13:49:53.352+07:00 DEBUG 20524 --- [Sekoraga] [           main] o.s.b.f.s.DefaultListableBeanFactory     : Autowiring by type from bean name 'authorizeReturnObjectMethodInterceptor' via factory method to bean named 'authorizationProxyFactory'
2025-06-15T13:49:53.416+07:00 DEBUG 20524 --- [Sekoraga] [           main] .s.a.a.a.ReflectiveAspectJAdvisorFactory : Found AspectJ method: public void org.springframework.beans.factory.aspectj.AbstractDependencyInjectionAspect.ajc$before$org_springframework_beans_factory_aspectj_AbstractDependencyInjectionAspect$1$e854fa65(java.lang.Object)
2025-06-15T13:49:53.421+07:00 DEBUG 20524 --- [Sekoraga] [           main] .s.a.a.a.ReflectiveAspectJAdvisorFactory : Found AspectJ method: public void org.springframework.beans.factory.aspectj.AbstractDependencyInjectionAspect.ajc$afterReturning$org_springframework_beans_factory_aspectj_AbstractDependencyInjectionAspect$2$1ea6722c(java.lang.Object)
2025-06-15T13:49:53.422+07:00 DEBUG 20524 --- [Sekoraga] [           main] .s.a.a.a.ReflectiveAspectJAdvisorFactory : Found AspectJ method: public void org.springframework.beans.factory.aspectj.AbstractDependencyInjectionAspect.ajc$afterReturning$org_springframework_beans_factory_aspectj_AbstractDependencyInjectionAspect$3$6aa27052(java.lang.Object)
2025-06-15T13:49:53.444+07:00 DEBUG 20524 --- [Sekoraga] [           main] .s.a.a.a.ReflectiveAspectJAdvisorFactory : Found AspectJ method: public java.lang.Object io.micrometer.observation.aop.ObservedAspect.observeClass(org.aspectj.lang.ProceedingJoinPoint) throws java.lang.Throwable
2025-06-15T13:49:53.444+07:00 DEBUG 20524 --- [Sekoraga] [           main] .s.a.a.a.ReflectiveAspectJAdvisorFactory : Found AspectJ method: public java.lang.Object io.micrometer.observation.aop.ObservedAspect.observeMethod(org.aspectj.lang.ProceedingJoinPoint) throws java.lang.Throwable
2025-06-15T13:49:53.739+07:00 DEBUG 20524 --- [Sekoraga] [           main] o.s.a.aspectj.AspectJExpressionPointcut  : Pointcut parser rejected expression [(beanConstruction(bean) && (preConstructionCondition() && inConfigurableBean()))]: java.lang.IllegalArgumentException: error Type referred to is not an annotation type: Configurable
2025-06-15T13:49:53.744+07:00 DEBUG 20524 --- [Sekoraga] [           main] o.s.a.aspectj.AspectJExpressionPointcut  : Pointcut parser rejected expression [(beanConstruction(bean) && (postConstructionCondition() && inConfigurableBean()))]: java.lang.IllegalArgumentException: error Type referred to is not an annotation type: Configurable
2025-06-15T13:49:53.750+07:00 DEBUG 20524 --- [Sekoraga] [           main] o.s.a.aspectj.AspectJExpressionPointcut  : Pointcut parser rejected expression [(beanDeserialization(bean) && inConfigurableBean())]: java.lang.IllegalArgumentException: error Type referred to is not an annotation type: Configurable
2025-06-15T13:49:54.023+07:00 DEBUG 20524 --- [Sekoraga] [           main] o.s.b.f.s.DefaultListableBeanFactory     : Creating shared instance of singleton bean 'transactionAttributeSource'
2025-06-15T13:49:54.052+07:00 DEBUG 20524 --- [Sekoraga] [           main] o.s.b.f.s.DefaultListableBeanFactory     : Creating shared instance of singleton bean 'transactionInterceptor'
2025-06-15T13:49:54.054+07:00 DEBUG 20524 --- [Sekoraga] [           main] o.s.b.f.s.DefaultListableBeanFactory     : Autowiring by type from bean name 'transactionInterceptor' via factory method to bean named 'transactionAttributeSource'
2025-06-15T13:49:54.071+07:00 DEBUG 20524 --- [Sekoraga] [           main] o.s.b.f.s.DefaultListableBeanFactory     : Autowiring by type from bean name 'org.springframework.transaction.config.internalTransactionAdvisor' via factory method to bean named 'transactionAttributeSource'
2025-06-15T13:49:54.071+07:00 DEBUG 20524 --- [Sekoraga] [           main] o.s.b.f.s.DefaultListableBeanFactory     : Autowiring by type from bean name 'org.springframework.transaction.config.internalTransactionAdvisor' via factory method to bean named 'transactionInterceptor'
2025-06-15T13:49:54.130+07:00 DEBUG 20524 --- [Sekoraga] [           main] o.s.b.f.s.DefaultListableBeanFactory     : Creating shared instance of singleton bean 'cacheOperationSource'
2025-06-15T13:49:54.174+07:00 DEBUG 20524 --- [Sekoraga] [           main] o.s.b.f.s.DefaultListableBeanFactory     : Creating shared instance of singleton bean 'cacheInterceptor'
2025-06-15T13:49:54.175+07:00 DEBUG 20524 --- [Sekoraga] [           main] o.s.b.f.s.DefaultListableBeanFactory     : Autowiring by type from bean name 'cacheInterceptor' via factory method to bean named 'cacheOperationSource'
2025-06-15T13:49:54.196+07:00 DEBUG 20524 --- [Sekoraga] [           main] o.s.b.f.s.DefaultListableBeanFactory     : Autowiring by type from bean name 'org.springframework.cache.config.internalCacheAdvisor' via factory method to bean named 'cacheOperationSource'
2025-06-15T13:49:54.197+07:00 DEBUG 20524 --- [Sekoraga] [           main] o.s.b.f.s.DefaultListableBeanFactory     : Autowiring by type from bean name 'org.springframework.cache.config.internalCacheAdvisor' via factory method to bean named 'cacheInterceptor'
2025-06-15T13:49:54.229+07:00 DEBUG 20524 --- [Sekoraga] [           main] o.s.b.f.s.DefaultListableBeanFactory     : Creating shared instance of singleton bean 'meterRegistryPostProcessor'
2025-06-15T13:49:54.234+07:00 DEBUG 20524 --- [Sekoraga] [           main] o.s.b.f.s.DefaultListableBeanFactory     : Autowiring by type from bean name 'meterRegistryPostProcessor' via factory method to bean named 'org.springframework.web.context.support.GenericWebApplicationContext@2caf6912'
2025-06-15T13:49:54.272+07:00 DEBUG 20524 --- [Sekoraga] [           main] o.s.b.f.s.DefaultListableBeanFactory     : Creating shared instance of singleton bean 'metricsRepositoryMethodInvocationListenerBeanPostProcessor'
2025-06-15T13:49:54.291+07:00 DEBUG 20524 --- [Sekoraga] [           main] o.s.b.f.s.DefaultListableBeanFactory     : Creating shared instance of singleton bean 'observationRegistryPostProcessor'
2025-06-15T13:49:54.310+07:00 DEBUG 20524 --- [Sekoraga] [           main] o.s.b.f.s.DefaultListableBeanFactory     : Creating shared instance of singleton bean 'projectingArgumentResolverBeanPostProcessor'
2025-06-15T13:49:54.499+07:00 DEBUG 20524 --- [Sekoraga] [           main] o.s.u.c.s.UiApplicationContextUtils      : Unable to locate ThemeSource with name 'themeSource': using default [org.springframework.ui.context.support.ResourceBundleThemeSource@287ad0da]
2025-06-15T13:49:54.510+07:00 DEBUG 20524 --- [Sekoraga] [           main] o.s.b.f.s.DefaultListableBeanFactory     : Creating shared instance of singleton bean 'org.springframework.test.context.support.internalDynamicPropertyRegistrarBeanInitializer'
2025-06-15T13:49:54.538+07:00 DEBUG 20524 --- [Sekoraga] [           main] o.s.b.f.s.DefaultListableBeanFactory     : Creating shared instance of singleton bean 'dataSourceScriptDatabaseInitializer'
2025-06-15T13:49:54.538+07:00 DEBUG 20524 --- [Sekoraga] [           main] o.s.b.f.s.DefaultListableBeanFactory     : Creating shared instance of singleton bean 'org.springframework.boot.autoconfigure.sql.init.DataSourceInitializationConfiguration'
2025-06-15T13:49:54.558+07:00 DEBUG 20524 --- [Sekoraga] [           main] o.s.b.f.s.DefaultListableBeanFactory     : Creating shared instance of singleton bean 'dataSource'
2025-06-15T13:49:54.558+07:00 DEBUG 20524 --- [Sekoraga] [           main] o.s.b.f.s.DefaultListableBeanFactory     : Creating shared instance of singleton bean 'org.springframework.boot.autoconfigure.jdbc.DataSourceConfiguration$Hikari'
2025-06-15T13:49:54.576+07:00 DEBUG 20524 --- [Sekoraga] [           main] o.s.b.f.s.DefaultListableBeanFactory     : Creating shared instance of singleton bean 'spring.datasource-org.springframework.boot.autoconfigure.jdbc.DataSourceProperties'
2025-06-15T13:49:54.584+07:00 DEBUG 20524 --- [Sekoraga] [           main] o.s.b.f.s.DefaultListableBeanFactory     : Creating shared instance of singleton bean 'org.springframework.boot.context.properties.BoundConfigurationProperties'
2025-06-15T13:49:54.704+07:00 DEBUG 20524 --- [Sekoraga] [           main] o.s.b.f.s.DefaultListableBeanFactory     : Creating shared instance of singleton bean 'jdbcConnectionDetails'
2025-06-15T13:49:54.705+07:00 DEBUG 20524 --- [Sekoraga] [           main] o.s.b.f.s.DefaultListableBeanFactory     : Creating shared instance of singleton bean 'org.springframework.boot.autoconfigure.jdbc.DataSourceAutoConfiguration$PooledDataSourceConfiguration'
2025-06-15T13:49:54.719+07:00 DEBUG 20524 --- [Sekoraga] [           main] o.s.b.f.s.DefaultListableBeanFactory     : Autowiring by type from bean name 'jdbcConnectionDetails' via factory method to bean named 'spring.datasource-org.springframework.boot.autoconfigure.jdbc.DataSourceProperties'
2025-06-15T13:49:54.736+07:00 DEBUG 20524 --- [Sekoraga] [           main] o.s.b.f.s.DefaultListableBeanFactory     : Autowiring by type from bean name 'dataSource' via factory method to bean named 'spring.datasource-org.springframework.boot.autoconfigure.jdbc.DataSourceProperties'
2025-06-15T13:49:54.736+07:00 DEBUG 20524 --- [Sekoraga] [           main] o.s.b.f.s.DefaultListableBeanFactory     : Autowiring by type from bean name 'dataSource' via factory method to bean named 'jdbcConnectionDetails'
2025-06-15T13:49:54.736+07:00 DEBUG 20524 --- [Sekoraga] [           main] o.s.b.f.s.DefaultListableBeanFactory     : Autowiring by type from bean name 'dataSource' via factory method to bean named 'environment'
2025-06-15T13:49:55.002+07:00 DEBUG 20524 --- [Sekoraga] [           main] o.s.b.f.s.DefaultListableBeanFactory     : Creating shared instance of singleton bean 'spring.sql.init-org.springframework.boot.autoconfigure.sql.init.SqlInitializationProperties'
2025-06-15T13:49:55.021+07:00 DEBUG 20524 --- [Sekoraga] [           main] o.s.b.f.s.DefaultListableBeanFactory     : Autowiring by type from bean name 'dataSourceScriptDatabaseInitializer' via factory method to bean named 'dataSource'
2025-06-15T13:49:55.021+07:00 DEBUG 20524 --- [Sekoraga] [           main] o.s.b.f.s.DefaultListableBeanFactory     : Autowiring by type from bean name 'dataSourceScriptDatabaseInitializer' via factory method to bean named 'spring.sql.init-org.springframework.boot.autoconfigure.sql.init.SqlInitializationProperties'
2025-06-15T13:49:55.069+07:00 DEBUG 20524 --- [Sekoraga] [           main] o.s.b.f.s.DefaultListableBeanFactory     : Creating shared instance of singleton bean 'org.springframework.context.config.internalBeanConfigurerAspect'
2025-06-15T13:49:55.073+07:00 DEBUG 20524 --- [Sekoraga] [           main] o.s.b.f.s.DefaultListableBeanFactory     : Creating shared instance of singleton bean 'entityManagerFactory'
2025-06-15T13:49:55.075+07:00 DEBUG 20524 --- [Sekoraga] [           main] o.s.b.f.s.DefaultListableBeanFactory     : Creating shared instance of singleton bean 'org.springframework.boot.autoconfigure.orm.jpa.HibernateJpaConfiguration'
2025-06-15T13:49:55.077+07:00 DEBUG 20524 --- [Sekoraga] [           main] o.s.b.f.s.DefaultListableBeanFactory     : Creating shared instance of singleton bean 'spring.jpa-org.springframework.boot.autoconfigure.orm.jpa.JpaProperties'
2025-06-15T13:49:55.100+07:00 DEBUG 20524 --- [Sekoraga] [           main] o.s.b.f.s.DefaultListableBeanFactory     : Creating shared instance of singleton bean 'spring.jpa.hibernate-org.springframework.boot.autoconfigure.orm.jpa.HibernateProperties'
2025-06-15T13:49:55.120+07:00 DEBUG 20524 --- [Sekoraga] [           main] o.s.b.f.s.DefaultListableBeanFactory     : Autowiring by type from bean name 'org.springframework.boot.autoconfigure.orm.jpa.HibernateJpaConfiguration' via constructor to bean named 'dataSource'
2025-06-15T13:49:55.120+07:00 DEBUG 20524 --- [Sekoraga] [           main] o.s.b.f.s.DefaultListableBeanFactory     : Autowiring by type from bean name 'org.springframework.boot.autoconfigure.orm.jpa.HibernateJpaConfiguration' via constructor to bean named 'spring.jpa-org.springframework.boot.autoconfigure.orm.jpa.JpaProperties'
2025-06-15T13:49:55.120+07:00 DEBUG 20524 --- [Sekoraga] [           main] o.s.b.f.s.DefaultListableBeanFactory     : Autowiring by type from bean name 'org.springframework.boot.autoconfigure.orm.jpa.HibernateJpaConfiguration' via constructor to bean named 'org.springframework.beans.factory.support.DefaultListableBeanFactory@260f2144'
2025-06-15T13:49:55.120+07:00 DEBUG 20524 --- [Sekoraga] [           main] o.s.b.f.s.DefaultListableBeanFactory     : Autowiring by type from bean name 'org.springframework.boot.autoconfigure.orm.jpa.HibernateJpaConfiguration' via constructor to bean named 'spring.jpa.hibernate-org.springframework.boot.autoconfigure.orm.jpa.HibernateProperties'
2025-06-15T13:49:55.137+07:00 DEBUG 20524 --- [Sekoraga] [           main] o.s.b.f.s.DefaultListableBeanFactory     : Creating shared instance of singleton bean 'hikariPoolDataSourceMetadataProvider'
2025-06-15T13:49:55.137+07:00 DEBUG 20524 --- [Sekoraga] [           main] o.s.b.f.s.DefaultListableBeanFactory     : Creating shared instance of singleton bean 'org.springframework.boot.autoconfigure.jdbc.metadata.DataSourcePoolMetadataProvidersConfiguration$HikariPoolDataSourceMetadataProviderConfiguration'
2025-06-15T13:49:55.217+07:00 DEBUG 20524 --- [Sekoraga] [           main] o.s.b.f.s.DefaultListableBeanFactory     : Creating shared instance of singleton bean 'entityManagerFactoryBuilder'
2025-06-15T13:49:55.222+07:00 DEBUG 20524 --- [Sekoraga] [           main] o.s.b.f.s.DefaultListableBeanFactory     : Creating shared instance of singleton bean 'jpaVendorAdapter'
2025-06-15T13:49:55.336+07:00 DEBUG 20524 --- [Sekoraga] [           main] o.s.b.f.s.DefaultListableBeanFactory     : Autowiring by type from bean name 'entityManagerFactoryBuilder' via factory method to bean named 'jpaVendorAdapter'
2025-06-15T13:49:55.370+07:00 DEBUG 20524 --- [Sekoraga] [           main] o.s.b.f.s.DefaultListableBeanFactory     : Creating shared instance of singleton bean 'persistenceManagedTypes'
2025-06-15T13:49:55.377+07:00 DEBUG 20524 --- [Sekoraga] [           main] o.s.b.f.s.DefaultListableBeanFactory     : Autowiring by type from bean name 'persistenceManagedTypes' via factory method to bean named 'org.springframework.beans.factory.support.DefaultListableBeanFactory@260f2144'
2025-06-15T13:49:55.377+07:00 DEBUG 20524 --- [Sekoraga] [           main] o.s.b.f.s.DefaultListableBeanFactory     : Autowiring by type from bean name 'persistenceManagedTypes' via factory method to bean named 'org.springframework.web.context.support.GenericWebApplicationContext@2caf6912'
2025-06-15T13:49:55.462+07:00 DEBUG 20524 --- [Sekoraga] [           main] o.s.b.f.s.DefaultListableBeanFactory     : Autowiring by type from bean name 'entityManagerFactory' via factory method to bean named 'entityManagerFactoryBuilder'
2025-06-15T13:49:55.463+07:00 DEBUG 20524 --- [Sekoraga] [           main] o.s.b.f.s.DefaultListableBeanFactory     : Autowiring by type from bean name 'entityManagerFactory' via factory method to bean named 'persistenceManagedTypes'
2025-06-15T13:49:55.551+07:00 DEBUG 20524 --- [Sekoraga] [           main] j.LocalContainerEntityManagerFactoryBean : Building JPA container EntityManagerFactory for persistence unit 'default'
2025-06-15T13:49:55.656+07:00  INFO 20524 --- [Sekoraga] [           main] o.hibernate.jpa.internal.util.LogHelper  : HHH000204: Processing PersistenceUnitInfo [name: default]
2025-06-15T13:49:55.871+07:00  INFO 20524 --- [Sekoraga] [           main] org.hibernate.Version                    : HHH000412: Hibernate ORM core version 6.6.13.Final
2025-06-15T13:49:55.980+07:00  INFO 20524 --- [Sekoraga] [           main] o.h.c.internal.RegionFactoryInitiator    : HHH000026: Second-level cache disabled
2025-06-15T13:49:57.658+07:00  INFO 20524 --- [Sekoraga] [           main] o.s.o.j.p.SpringPersistenceUnitInfo      : No LoadTimeWeaver setup: ignoring JPA class transformer
2025-06-15T13:49:57.761+07:00  INFO 20524 --- [Sekoraga] [           main] com.zaxxer.hikari.HikariDataSource       : HikariPool-1 - Starting...
2025-06-15T13:49:58.638+07:00  INFO 20524 --- [Sekoraga] [           main] com.zaxxer.hikari.pool.HikariPool        : HikariPool-1 - Added connection org.postgresql.jdbc.PgConnection@64e3bc2
2025-06-15T13:49:58.644+07:00  INFO 20524 --- [Sekoraga] [           main] com.zaxxer.hikari.HikariDataSource       : HikariPool-1 - Start completed.
2025-06-15T13:49:58.779+07:00  WARN 20524 --- [Sekoraga] [           main] org.hibernate.orm.deprecation            : HHH90000025: PostgreSQLDialect does not need to be specified explicitly using 'hibernate.dialect' (remove the property setting and it will be selected by default)
2025-06-15T13:49:58.871+07:00  INFO 20524 --- [Sekoraga] [           main] org.hibernate.orm.connections.pooling    : HHH10001005: Database info:
	Database JDBC URL [Connecting through datasource 'HikariDataSource (HikariPool-1)']
	Database driver: undefined/unknown
	Database version: 16.6
	Autocommit mode: undefined/unknown
	Isolation level: undefined/unknown
	Minimum pool size: undefined/unknown
	Maximum pool size: undefined/unknown
2025-06-15T13:49:58.904+07:00 DEBUG 20524 --- [Sekoraga] [           main] o.h.t.d.sql.spi.DdlTypeRegistry          : addDescriptor(2003, org.hibernate.type.descriptor.sql.internal.ArrayDdlTypeImpl@47eff554) replaced previous registration(org.hibernate.type.descriptor.sql.internal.ArrayDdlTypeImpl@56ec6ac0)
2025-06-15T13:49:58.904+07:00 DEBUG 20524 --- [Sekoraga] [           main] o.h.t.d.sql.spi.DdlTypeRegistry          : addDescriptor(6, org.hibernate.type.descriptor.sql.internal.CapacityDependentDdlType@54b35809) replaced previous registration(org.hibernate.type.descriptor.sql.internal.DdlTypeImpl@4a3383dc)
2025-06-15T13:50:03.053+07:00  INFO 20524 --- [Sekoraga] [           main] o.h.e.t.j.p.i.JtaPlatformInitiator       : HHH000489: No JTA platform available (set 'hibernate.transaction.jta.platform' to enable JTA platform integration)
2025-06-15T13:50:04.501+07:00  INFO 20524 --- [Sekoraga] [           main] j.LocalContainerEntityManagerFactoryBean : Initialized JPA EntityManagerFactory for persistence unit 'default'
2025-06-15T13:50:04.555+07:00 DEBUG 20524 --- [Sekoraga] [           main] o.s.b.f.s.DefaultListableBeanFactory     : Creating shared instance of singleton bean 'sekoragaApplication'
2025-06-15T13:50:04.558+07:00 DEBUG 20524 --- [Sekoraga] [           main] o.s.b.f.s.DefaultListableBeanFactory     : Creating shared instance of singleton bean 'cacheConfig'
2025-06-15T13:50:04.562+07:00 DEBUG 20524 --- [Sekoraga] [           main] o.s.b.f.s.DefaultListableBeanFactory     : Creating shared instance of singleton bean 'databaseConfig'
2025-06-15T13:50:04.564+07:00 DEBUG 20524 --- [Sekoraga] [           main] o.s.b.f.s.DefaultListableBeanFactory     : Creating shared instance of singleton bean 'openApiConfig'
2025-06-15T13:50:04.566+07:00 DEBUG 20524 --- [Sekoraga] [           main] o.s.b.f.s.DefaultListableBeanFactory     : Creating shared instance of singleton bean 'securityConfig'
2025-06-15T13:50:04.568+07:00 DEBUG 20524 --- [Sekoraga] [           main] o.s.b.f.s.DefaultListableBeanFactory     : Creating shared instance of singleton bean 'corsFilter'
2025-06-15T13:50:04.568+07:00 DEBUG 20524 --- [Sekoraga] [           main] o.s.b.f.s.DefaultListableBeanFactory     : Creating shared instance of singleton bean 'webConfig'
2025-06-15T13:50:04.625+07:00 DEBUG 20524 --- [Sekoraga] [           main] o.s.b.f.s.DefaultListableBeanFactory     : Creating shared instance of singleton bean 'tokenProvider'
2025-06-15T13:50:04.633+07:00 DEBUG 20524 --- [Sekoraga] [           main] o.s.c.e.PropertySourcesPropertyResolver  : Found key 'spring.security.authentication.jwt.base64-secret' in PropertySource 'environmentProperties' with value of type String
2025-06-15T13:50:04.637+07:00 DEBUG 20524 --- [Sekoraga] [           main] o.s.c.e.PropertySourcesPropertyResolver  : Found key 'spring.security.authentication.jwt.token-validity-in-seconds' in PropertySource 'environmentProperties' with value of type String
2025-06-15T13:50:04.639+07:00 DEBUG 20524 --- [Sekoraga] [           main] o.s.c.e.PropertySourcesPropertyResolver  : Found key 'spring.security.authentication.jwt.token-validity-in-seconds-for-remember-me' in PropertySource 'environmentProperties' with value of type String
2025-06-15T13:50:04.639+07:00 DEBUG 20524 --- [Sekoraga] [           main] o.s.b.f.s.DefaultListableBeanFactory     : Creating shared instance of singleton bean 'adUserRepository'
2025-06-15T13:50:04.683+07:00 DEBUG 20524 --- [Sekoraga] [           main] o.s.b.f.s.DefaultListableBeanFactory     : Creating shared instance of singleton bean 'jpa.named-queries#0'
2025-06-15T13:50:04.726+07:00 DEBUG 20524 --- [Sekoraga] [           main] o.s.b.f.s.DefaultListableBeanFactory     : Creating shared instance of singleton bean 'jpa.AdUserRepository.fragments#0'
2025-06-15T13:50:04.779+07:00 DEBUG 20524 --- [Sekoraga] [           main] o.s.b.f.s.DefaultListableBeanFactory     : Creating shared instance of singleton bean 'jpaSharedEM_entityManagerFactory'
2025-06-15T13:50:04.931+07:00 DEBUG 20524 --- [Sekoraga] [           main] o.s.b.f.s.DefaultListableBeanFactory     : Creating shared instance of singleton bean 'jpaMappingContext'
2025-06-15T13:50:04.931+07:00 DEBUG 20524 --- [Sekoraga] [           main] .c.JpaMetamodelMappingContextFactoryBean : Initializing JpaMetamodelMappingContext…
2025-06-15T13:50:04.989+07:00 DEBUG 20524 --- [Sekoraga] [           main] .c.JpaMetamodelMappingContextFactoryBean : Finished initializing JpaMetamodelMappingContext
2025-06-15T13:50:05.129+07:00 DEBUG 20524 --- [Sekoraga] [           main] tor$SharedEntityManagerInvocationHandler : Creating new EntityManager for shared EntityManager invocation
2025-06-15T13:50:05.267+07:00 DEBUG 20524 --- [Sekoraga] [           main] tor$SharedEntityManagerInvocationHandler : Creating new EntityManager for shared EntityManager invocation
2025-06-15T13:50:05.297+07:00 DEBUG 20524 --- [Sekoraga] [           main] o.s.b.f.s.DefaultListableBeanFactory     : Creating shared instance of singleton bean 'metricsRepositoryMethodInvocationListener'
2025-06-15T13:50:05.297+07:00 DEBUG 20524 --- [Sekoraga] [           main] o.s.b.f.s.DefaultListableBeanFactory     : Creating shared instance of singleton bean 'org.springframework.boot.actuate.autoconfigure.metrics.data.RepositoryMetricsAutoConfiguration'
2025-06-15T13:50:05.303+07:00 DEBUG 20524 --- [Sekoraga] [           main] o.s.b.f.s.DefaultListableBeanFactory     : Creating shared instance of singleton bean 'management.metrics-org.springframework.boot.actuate.autoconfigure.metrics.MetricsProperties'
2025-06-15T13:50:05.327+07:00 DEBUG 20524 --- [Sekoraga] [           main] o.s.b.f.s.DefaultListableBeanFactory     : Autowiring by type from bean name 'org.springframework.boot.actuate.autoconfigure.metrics.data.RepositoryMetricsAutoConfiguration' via constructor to bean named 'management.metrics-org.springframework.boot.actuate.autoconfigure.metrics.MetricsProperties'
2025-06-15T13:50:05.334+07:00 DEBUG 20524 --- [Sekoraga] [           main] o.s.b.f.s.DefaultListableBeanFactory     : Creating shared instance of singleton bean 'repositoryTagsProvider'
2025-06-15T13:50:05.345+07:00 DEBUG 20524 --- [Sekoraga] [           main] o.s.b.f.s.DefaultListableBeanFactory     : Autowiring by type from bean name 'metricsRepositoryMethodInvocationListener' via factory method to bean named 'repositoryTagsProvider'
2025-06-15T13:50:05.566+07:00 DEBUG 20524 --- [Sekoraga] [           main] o.s.d.r.c.s.RepositoryFactorySupport     : Initializing repository instance for com.skrg.sekoraga.repository.AdUserRepository…
2025-06-15T13:50:05.623+07:00 DEBUG 20524 --- [Sekoraga] [           main] tor$SharedEntityManagerInvocationHandler : Creating new EntityManager for shared EntityManager invocation
2025-06-15T13:50:05.787+07:00 DEBUG 20524 --- [Sekoraga] [           main] o.s.d.jpa.repository.query.NamedQuery    : Looking up named query 'AdUser.existsByUsername'
2025-06-15T13:50:05.800+07:00 DEBUG 20524 --- [Sekoraga] [           main] o.s.d.jpa.repository.query.NamedQuery    : Did not find named query AdUser.existsByUsername
2025-06-15T13:50:05.816+07:00 DEBUG 20524 --- [Sekoraga] [           main] tor$SharedEntityManagerInvocationHandler : Creating new EntityManager for shared EntityManager invocation
2025-06-15T13:50:06.036+07:00 DEBUG 20524 --- [Sekoraga] [           main] o.s.d.jpa.repository.query.NamedQuery    : Looking up named query 'AdUser.existsByEmail'
2025-06-15T13:50:06.037+07:00 DEBUG 20524 --- [Sekoraga] [           main] o.s.d.jpa.repository.query.NamedQuery    : Did not find named query AdUser.existsByEmail
2025-06-15T13:50:06.037+07:00 DEBUG 20524 --- [Sekoraga] [           main] tor$SharedEntityManagerInvocationHandler : Creating new EntityManager for shared EntityManager invocation
2025-06-15T13:50:06.044+07:00 DEBUG 20524 --- [Sekoraga] [           main] o.s.d.jpa.repository.query.NamedQuery    : Looking up named query 'AdUser.findOneWithAuthoritiesByUsernameIgnoreCase'
2025-06-15T13:50:06.048+07:00 DEBUG 20524 --- [Sekoraga] [           main] o.s.d.jpa.repository.query.NamedQuery    : Did not find named query AdUser.findOneWithAuthoritiesByUsernameIgnoreCase
2025-06-15T13:50:06.048+07:00 DEBUG 20524 --- [Sekoraga] [           main] tor$SharedEntityManagerInvocationHandler : Creating new EntityManager for shared EntityManager invocation
2025-06-15T13:50:06.060+07:00 DEBUG 20524 --- [Sekoraga] [           main] o.s.d.jpa.repository.query.NamedQuery    : Looking up named query 'AdUser.findFirstByEmail'
2025-06-15T13:50:06.060+07:00 DEBUG 20524 --- [Sekoraga] [           main] o.s.d.jpa.repository.query.NamedQuery    : Did not find named query AdUser.findFirstByEmail
2025-06-15T13:50:06.061+07:00 DEBUG 20524 --- [Sekoraga] [           main] tor$SharedEntityManagerInvocationHandler : Creating new EntityManager for shared EntityManager invocation
2025-06-15T13:50:06.065+07:00 DEBUG 20524 --- [Sekoraga] [           main] o.s.d.jpa.repository.query.NamedQuery    : Looking up named query 'AdUser.findFirstByUsernameOrEmail'
2025-06-15T13:50:06.065+07:00 DEBUG 20524 --- [Sekoraga] [           main] o.s.d.jpa.repository.query.NamedQuery    : Did not find named query AdUser.findFirstByUsernameOrEmail
2025-06-15T13:50:06.066+07:00 DEBUG 20524 --- [Sekoraga] [           main] tor$SharedEntityManagerInvocationHandler : Creating new EntityManager for shared EntityManager invocation
2025-06-15T13:50:06.076+07:00 DEBUG 20524 --- [Sekoraga] [           main] o.s.d.jpa.repository.query.NamedQuery    : Looking up named query 'AdUser.findFirstByUsername'
2025-06-15T13:50:06.078+07:00 DEBUG 20524 --- [Sekoraga] [           main] o.s.d.jpa.repository.query.NamedQuery    : Did not find named query AdUser.findFirstByUsername
2025-06-15T13:50:06.078+07:00 DEBUG 20524 --- [Sekoraga] [           main] tor$SharedEntityManagerInvocationHandler : Creating new EntityManager for shared EntityManager invocation
2025-06-15T13:50:06.092+07:00 DEBUG 20524 --- [Sekoraga] [           main] o.s.d.r.c.s.RepositoryFactorySupport     : Finished creation of repository instance for com.skrg.sekoraga.repository.AdUserRepository.
2025-06-15T13:50:06.338+07:00 DEBUG 20524 --- [Sekoraga] [           main] o.s.b.f.s.DefaultListableBeanFactory     : Creating shared instance of singleton bean 'authUserDetailsService'
2025-06-15T13:50:06.344+07:00 DEBUG 20524 --- [Sekoraga] [           main] o.s.b.f.s.DefaultListableBeanFactory     : Autowiring by type from bean name 'authUserDetailsService' via constructor to bean named 'adUserRepository'
2025-06-15T13:50:06.350+07:00 DEBUG 20524 --- [Sekoraga] [           main] o.s.b.f.s.DefaultListableBeanFactory     : Autowiring by type from bean name 'securityConfig' via constructor to bean named 'corsFilter'
2025-06-15T13:50:06.351+07:00 DEBUG 20524 --- [Sekoraga] [           main] o.s.b.f.s.DefaultListableBeanFactory     : Autowiring by type from bean name 'securityConfig' via constructor to bean named 'tokenProvider'
2025-06-15T13:50:06.355+07:00 DEBUG 20524 --- [Sekoraga] [           main] o.s.b.f.s.DefaultListableBeanFactory     : Autowiring by type from bean name 'securityConfig' via constructor to bean named 'authUserDetailsService'
2025-06-15T13:50:06.384+07:00 DEBUG 20524 --- [Sekoraga] [           main] o.s.b.f.s.DefaultListableBeanFactory     : Creating shared instance of singleton bean 'springSecurityAuditorAware'
2025-06-15T13:50:06.391+07:00 DEBUG 20524 --- [Sekoraga] [           main] o.s.b.f.s.DefaultListableBeanFactory     : Creating shared instance of singleton bean 'adAuthorityQueryService'
2025-06-15T13:50:06.396+07:00 DEBUG 20524 --- [Sekoraga] [           main] o.s.b.f.s.DefaultListableBeanFactory     : Creating shared instance of singleton bean 'authorityRepository'
2025-06-15T13:50:06.401+07:00 DEBUG 20524 --- [Sekoraga] [           main] o.s.b.f.s.DefaultListableBeanFactory     : Creating shared instance of singleton bean 'jpa.named-queries#6'
2025-06-15T13:50:06.406+07:00 DEBUG 20524 --- [Sekoraga] [           main] o.s.b.f.s.DefaultListableBeanFactory     : Creating shared instance of singleton bean 'jpa.AuthorityRepository.fragments#0'
2025-06-15T13:50:06.418+07:00 DEBUG 20524 --- [Sekoraga] [           main] tor$SharedEntityManagerInvocationHandler : Creating new EntityManager for shared EntityManager invocation
2025-06-15T13:50:06.427+07:00 DEBUG 20524 --- [Sekoraga] [           main] o.s.d.r.c.s.RepositoryFactorySupport     : Initializing repository instance for com.skrg.sekoraga.repository.AuthorityRepository…
2025-06-15T13:50:06.428+07:00 DEBUG 20524 --- [Sekoraga] [           main] tor$SharedEntityManagerInvocationHandler : Creating new EntityManager for shared EntityManager invocation
2025-06-15T13:50:06.445+07:00 DEBUG 20524 --- [Sekoraga] [           main] o.s.d.jpa.repository.query.NamedQuery    : Looking up named query 'AdAuthority.findByName'
2025-06-15T13:50:06.446+07:00 DEBUG 20524 --- [Sekoraga] [           main] o.s.d.jpa.repository.query.NamedQuery    : Did not find named query AdAuthority.findByName
2025-06-15T13:50:06.446+07:00 DEBUG 20524 --- [Sekoraga] [           main] tor$SharedEntityManagerInvocationHandler : Creating new EntityManager for shared EntityManager invocation
2025-06-15T13:50:06.464+07:00 DEBUG 20524 --- [Sekoraga] [           main] o.s.d.r.c.s.RepositoryFactorySupport     : Finished creation of repository instance for com.skrg.sekoraga.repository.AuthorityRepository.
2025-06-15T13:50:06.536+07:00 DEBUG 20524 --- [Sekoraga] [           main] o.s.b.f.s.DefaultListableBeanFactory     : Creating shared instance of singleton bean 'adAuthorityMapperImpl'
2025-06-15T13:50:06.634+07:00 DEBUG 20524 --- [Sekoraga] [           main] o.s.b.f.s.DefaultListableBeanFactory     : Creating shared instance of singleton bean 'adAuthorityService'
2025-06-15T13:50:06.674+07:00 DEBUG 20524 --- [Sekoraga] [           main] o.s.b.f.s.DefaultListableBeanFactory     : Creating shared instance of singleton bean 'adUserActivityLogService'
2025-06-15T13:50:06.680+07:00 DEBUG 20524 --- [Sekoraga] [           main] o.s.b.f.s.DefaultListableBeanFactory     : Creating shared instance of singleton bean 'adUserActivityLogRepository'
2025-06-15T13:50:06.681+07:00 DEBUG 20524 --- [Sekoraga] [           main] o.s.b.f.s.DefaultListableBeanFactory     : Creating shared instance of singleton bean 'jpa.named-queries#7'
2025-06-15T13:50:06.688+07:00 DEBUG 20524 --- [Sekoraga] [           main] o.s.b.f.s.DefaultListableBeanFactory     : Creating shared instance of singleton bean 'jpa.AdUserActivityLogRepository.fragments#0'
2025-06-15T13:50:06.713+07:00 DEBUG 20524 --- [Sekoraga] [           main] tor$SharedEntityManagerInvocationHandler : Creating new EntityManager for shared EntityManager invocation
2025-06-15T13:50:06.739+07:00 DEBUG 20524 --- [Sekoraga] [           main] o.s.d.r.c.s.RepositoryFactorySupport     : Initializing repository instance for com.skrg.sekoraga.repository.AdUserActivityLogRepository…
2025-06-15T13:50:06.741+07:00 DEBUG 20524 --- [Sekoraga] [           main] tor$SharedEntityManagerInvocationHandler : Creating new EntityManager for shared EntityManager invocation
2025-06-15T13:50:06.744+07:00 DEBUG 20524 --- [Sekoraga] [           main] o.s.d.jpa.repository.query.NamedQuery    : Looking up named query 'AdUserActivityLog.findByUser_UserId'
2025-06-15T13:50:06.745+07:00 DEBUG 20524 --- [Sekoraga] [           main] o.s.d.jpa.repository.query.NamedQuery    : Did not find named query AdUserActivityLog.findByUser_UserId
2025-06-15T13:50:06.745+07:00 DEBUG 20524 --- [Sekoraga] [           main] tor$SharedEntityManagerInvocationHandler : Creating new EntityManager for shared EntityManager invocation
2025-06-15T13:50:06.800+07:00 DEBUG 20524 --- [Sekoraga] [           main] o.s.d.r.c.s.RepositoryFactorySupport     : Finished creation of repository instance for com.skrg.sekoraga.repository.AdUserActivityLogRepository.
2025-06-15T13:50:06.925+07:00 DEBUG 20524 --- [Sekoraga] [           main] o.s.b.f.s.DefaultListableBeanFactory     : Creating shared instance of singleton bean 'adUserActivityLogMapperImpl'
2025-06-15T13:50:06.936+07:00 DEBUG 20524 --- [Sekoraga] [           main] o.s.b.f.s.DefaultListableBeanFactory     : Autowiring by type from bean name 'adUserActivityLogService' via constructor to bean named 'adUserActivityLogRepository'
2025-06-15T13:50:06.937+07:00 DEBUG 20524 --- [Sekoraga] [           main] o.s.b.f.s.DefaultListableBeanFactory     : Autowiring by type from bean name 'adUserActivityLogService' via constructor to bean named 'adUserActivityLogMapperImpl'
2025-06-15T13:50:07.037+07:00 DEBUG 20524 --- [Sekoraga] [           main] o.s.b.f.s.DefaultListableBeanFactory     : Creating shared instance of singleton bean 'adUserAuthorityQueryService'
2025-06-15T13:50:07.050+07:00 DEBUG 20524 --- [Sekoraga] [           main] o.s.b.f.s.DefaultListableBeanFactory     : Creating shared instance of singleton bean 'adUserAuthorityRepository'
2025-06-15T13:50:07.066+07:00 DEBUG 20524 --- [Sekoraga] [           main] o.s.b.f.s.DefaultListableBeanFactory     : Creating shared instance of singleton bean 'jpa.named-queries#8'
2025-06-15T13:50:07.079+07:00 DEBUG 20524 --- [Sekoraga] [           main] o.s.b.f.s.DefaultListableBeanFactory     : Creating shared instance of singleton bean 'jpa.AdUserAuthorityRepository.fragments#0'
2025-06-15T13:50:07.084+07:00 DEBUG 20524 --- [Sekoraga] [           main] tor$SharedEntityManagerInvocationHandler : Creating new EntityManager for shared EntityManager invocation
2025-06-15T13:50:07.122+07:00 DEBUG 20524 --- [Sekoraga] [           main] o.s.d.r.c.s.RepositoryFactorySupport     : Initializing repository instance for com.skrg.sekoraga.repository.AdUserAuthorityRepository…
2025-06-15T13:50:07.124+07:00 DEBUG 20524 --- [Sekoraga] [           main] tor$SharedEntityManagerInvocationHandler : Creating new EntityManager for shared EntityManager invocation
2025-06-15T13:50:07.249+07:00 DEBUG 20524 --- [Sekoraga] [           main] o.s.d.r.c.s.RepositoryFactorySupport     : Finished creation of repository instance for com.skrg.sekoraga.repository.AdUserAuthorityRepository.
2025-06-15T13:50:07.352+07:00 DEBUG 20524 --- [Sekoraga] [           main] o.s.b.f.s.DefaultListableBeanFactory     : Creating shared instance of singleton bean 'adUserAuthorityMapperImpl'
2025-06-15T13:50:07.383+07:00 DEBUG 20524 --- [Sekoraga] [           main] o.s.b.f.s.DefaultListableBeanFactory     : Autowiring by type from bean name 'adUserAuthorityQueryService' via constructor to bean named 'adUserAuthorityRepository'
2025-06-15T13:50:07.383+07:00 DEBUG 20524 --- [Sekoraga] [           main] o.s.b.f.s.DefaultListableBeanFactory     : Autowiring by type from bean name 'adUserAuthorityQueryService' via constructor to bean named 'adUserAuthorityMapperImpl'
2025-06-15T13:50:07.402+07:00 DEBUG 20524 --- [Sekoraga] [           main] o.s.b.f.s.DefaultListableBeanFactory     : Creating shared instance of singleton bean 'adUserAuthorityService'
2025-06-15T13:50:07.413+07:00 DEBUG 20524 --- [Sekoraga] [           main] o.s.b.f.s.DefaultListableBeanFactory     : Autowiring by type from bean name 'adUserAuthorityService' via constructor to bean named 'adUserAuthorityRepository'
2025-06-15T13:50:07.413+07:00 DEBUG 20524 --- [Sekoraga] [           main] o.s.b.f.s.DefaultListableBeanFactory     : Autowiring by type from bean name 'adUserAuthorityService' via constructor to bean named 'adUserAuthorityMapperImpl'
2025-06-15T13:50:07.476+07:00 DEBUG 20524 --- [Sekoraga] [           main] o.s.b.f.s.DefaultListableBeanFactory     : Creating shared instance of singleton bean 'adUserQueryService'
2025-06-15T13:50:07.495+07:00 DEBUG 20524 --- [Sekoraga] [           main] o.s.b.f.s.DefaultListableBeanFactory     : Creating shared instance of singleton bean 'adUserMapperImpl'
2025-06-15T13:50:07.590+07:00 DEBUG 20524 --- [Sekoraga] [           main] o.s.b.f.s.DefaultListableBeanFactory     : Creating shared instance of singleton bean 'adUserService'
2025-06-15T13:50:07.603+07:00 DEBUG 20524 --- [Sekoraga] [           main] o.s.b.f.s.DefaultListableBeanFactory     : Creating shared instance of singleton bean 'passwordEncoder'
2025-06-15T13:50:07.656+07:00 DEBUG 20524 --- [Sekoraga] [           main] o.s.b.f.s.DefaultListableBeanFactory     : Creating shared instance of singleton bean 'authService'
2025-06-15T13:50:07.668+07:00 DEBUG 20524 --- [Sekoraga] [           main] o.s.b.f.s.DefaultListableBeanFactory     : Creating shared instance of singleton bean 'adAuthorityRepository'
2025-06-15T13:50:07.673+07:00 DEBUG 20524 --- [Sekoraga] [           main] o.s.b.f.s.DefaultListableBeanFactory     : Creating shared instance of singleton bean 'jpa.named-queries#1'
2025-06-15T13:50:07.682+07:00 DEBUG 20524 --- [Sekoraga] [           main] o.s.b.f.s.DefaultListableBeanFactory     : Creating shared instance of singleton bean 'jpa.AdAuthorityRepository.fragments#0'
2025-06-15T13:50:07.693+07:00 DEBUG 20524 --- [Sekoraga] [           main] tor$SharedEntityManagerInvocationHandler : Creating new EntityManager for shared EntityManager invocation
2025-06-15T13:50:07.697+07:00 DEBUG 20524 --- [Sekoraga] [           main] o.s.d.r.c.s.RepositoryFactorySupport     : Initializing repository instance for com.skrg.sekoraga.repository.AdAuthorityRepository…
2025-06-15T13:50:07.697+07:00 DEBUG 20524 --- [Sekoraga] [           main] tor$SharedEntityManagerInvocationHandler : Creating new EntityManager for shared EntityManager invocation
2025-06-15T13:50:07.706+07:00 DEBUG 20524 --- [Sekoraga] [           main] o.s.d.jpa.repository.query.NamedQuery    : Looking up named query 'AdAuthority.findFirstByName'
2025-06-15T13:50:07.707+07:00 DEBUG 20524 --- [Sekoraga] [           main] o.s.d.jpa.repository.query.NamedQuery    : Did not find named query AdAuthority.findFirstByName
2025-06-15T13:50:07.707+07:00 DEBUG 20524 --- [Sekoraga] [           main] tor$SharedEntityManagerInvocationHandler : Creating new EntityManager for shared EntityManager invocation
2025-06-15T13:50:07.724+07:00 DEBUG 20524 --- [Sekoraga] [           main] o.s.d.r.c.s.RepositoryFactorySupport     : Finished creation of repository instance for com.skrg.sekoraga.repository.AdAuthorityRepository.
2025-06-15T13:50:07.786+07:00 DEBUG 20524 --- [Sekoraga] [           main] o.s.b.f.s.DefaultListableBeanFactory     : Creating shared instance of singleton bean 'defaultAuthenticationBuilder'
2025-06-15T13:50:07.787+07:00 DEBUG 20524 --- [Sekoraga] [           main] o.s.b.f.s.DefaultListableBeanFactory     : Creating shared instance of singleton bean 'objectPostProcessor'
2025-06-15T13:50:07.787+07:00 DEBUG 20524 --- [Sekoraga] [           main] o.s.b.f.s.DefaultListableBeanFactory     : Creating shared instance of singleton bean 'org.springframework.security.config.annotation.configuration.ObjectPostProcessorConfiguration'
2025-06-15T13:50:07.814+07:00 DEBUG 20524 --- [Sekoraga] [           main] o.s.b.f.s.DefaultListableBeanFactory     : Autowiring by type from bean name 'objectPostProcessor' via factory method to bean named 'org.springframework.beans.factory.support.DefaultListableBeanFactory@260f2144'
2025-06-15T13:50:07.842+07:00 DEBUG 20524 --- [Sekoraga] [           main] o.s.b.f.s.DefaultListableBeanFactory     : Autowiring by type from bean name 'defaultAuthenticationBuilder' via factory method to bean named 'objectPostProcessor'
2025-06-15T13:50:07.886+07:00 DEBUG 20524 --- [Sekoraga] [           main] o.s.b.f.s.DefaultListableBeanFactory     : Creating shared instance of singleton bean 'jdbcAuthenticationProvider'
2025-06-15T13:50:08.023+07:00 DEBUG 20524 --- [Sekoraga] [           main] o.s.b.f.s.DefaultListableBeanFactory     : Autowiring by type from bean name 'authService' via constructor to bean named 'adUserRepository'
2025-06-15T13:50:08.024+07:00 DEBUG 20524 --- [Sekoraga] [           main] o.s.b.f.s.DefaultListableBeanFactory     : Autowiring by type from bean name 'authService' via constructor to bean named 'adAuthorityRepository'
2025-06-15T13:50:08.025+07:00 DEBUG 20524 --- [Sekoraga] [           main] o.s.b.f.s.DefaultListableBeanFactory     : Autowiring by type from bean name 'authService' via constructor to bean named 'passwordEncoder'
2025-06-15T13:50:08.025+07:00 DEBUG 20524 --- [Sekoraga] [           main] o.s.b.f.s.DefaultListableBeanFactory     : Autowiring by type from bean name 'authService' via constructor to bean named 'defaultAuthenticationBuilder'
2025-06-15T13:50:08.025+07:00 DEBUG 20524 --- [Sekoraga] [           main] o.s.b.f.s.DefaultListableBeanFactory     : Autowiring by type from bean name 'authService' via constructor to bean named 'tokenProvider'
2025-06-15T13:50:08.044+07:00 DEBUG 20524 --- [Sekoraga] [           main] o.s.b.f.s.DefaultListableBeanFactory     : Creating shared instance of singleton bean 'CActivityScheduleService'
2025-06-15T13:50:08.046+07:00 DEBUG 20524 --- [Sekoraga] [           main] o.s.b.f.s.DefaultListableBeanFactory     : Creating shared instance of singleton bean 'CActivityScheduleRepository'
2025-06-15T13:50:08.052+07:00 DEBUG 20524 --- [Sekoraga] [           main] o.s.b.f.s.DefaultListableBeanFactory     : Creating shared instance of singleton bean 'jpa.named-queries#3'
2025-06-15T13:50:08.059+07:00 DEBUG 20524 --- [Sekoraga] [           main] o.s.b.f.s.DefaultListableBeanFactory     : Creating shared instance of singleton bean 'jpa.CActivityScheduleRepository.fragments#0'
2025-06-15T13:50:08.066+07:00 DEBUG 20524 --- [Sekoraga] [           main] tor$SharedEntityManagerInvocationHandler : Creating new EntityManager for shared EntityManager invocation
[...]

   SwaggerConfig.SwaggerActuatorWelcomeConfiguration:
      Did not match:
         - @ConditionalOnProperty (springdoc.use-management-port) did not find property 'springdoc.use-management-port' (OnPropertyCondition)
      Matched:
         - @ConditionalOnClass found required class 'org.springframework.boot.actuate.endpoint.web.servlet.WebMvcEndpointHandlerMapping' (OnClassCondition)

   TaskExecutorConfigurations.SimpleAsyncTaskExecutorBuilderConfiguration#simpleAsyncTaskExecutorBuilderVirtualThreads:
      Did not match:
         - @ConditionalOnMissingBean (types: org.springframework.boot.task.SimpleAsyncTaskExecutorBuilder; SearchStrategy: all) found beans of type 'org.springframework.boot.task.SimpleAsyncTaskExecutorBuilder' simpleAsyncTaskExecutorBuilder (OnBeanCondition)

   TaskExecutorConfigurations.TaskExecutorConfiguration#applicationTaskExecutorVirtualThreads:
      Did not match:
         - @ConditionalOnThreading did not find VIRTUAL (OnThreadingCondition)

   TaskSchedulingAutoConfiguration#scheduledBeanLazyInitializationExcludeFilter:
      Did not match:
         - @ConditionalOnBean (names: org.springframework.context.annotation.internalScheduledAnnotationProcessor; SearchStrategy: all) did not find any beans named org.springframework.context.annotation.internalScheduledAnnotationProcessor (OnBeanCondition)

   TaskSchedulingConfigurations.SimpleAsyncTaskSchedulerBuilderConfiguration#simpleAsyncTaskSchedulerBuilderVirtualThreads:
      Did not match:
         - @ConditionalOnMissingBean (types: org.springframework.boot.task.SimpleAsyncTaskSchedulerBuilder; SearchStrategy: all) found beans of type 'org.springframework.boot.task.SimpleAsyncTaskSchedulerBuilder' simpleAsyncTaskSchedulerBuilder (OnBeanCondition)

   TaskSchedulingConfigurations.TaskSchedulerConfiguration:
      Did not match:
         - @ConditionalOnBean (names: org.springframework.context.annotation.internalScheduledAnnotationProcessor; SearchStrategy: all) did not find any beans named org.springframework.context.annotation.internalScheduledAnnotationProcessor (OnBeanCondition)

   ThreadDumpEndpointAutoConfiguration:
      Did not match:
         - @ConditionalOnAvailableEndpoint not exposed (OnAvailableEndpointCondition)

   ThymeleafAutoConfiguration:
      Did not match:
         - @ConditionalOnClass did not find required class 'org.thymeleaf.spring6.SpringTemplateEngine' (OnClassCondition)

   TransactionAutoConfiguration#transactionalOperator:
      Did not match:
         - @ConditionalOnSingleCandidate (types: org.springframework.transaction.ReactiveTransactionManager; SearchStrategy: all) did not find any beans (OnBeanCondition)

   TransactionAutoConfiguration.AspectJTransactionManagementConfiguration:
      Did not match:
         - @ConditionalOnBean (types: org.springframework.transaction.aspectj.AbstractTransactionAspect; SearchStrategy: all) did not find any beans of type org.springframework.transaction.aspectj.AbstractTransactionAspect (OnBeanCondition)

   TransactionAutoConfiguration.EnableTransactionManagementConfiguration:
      Did not match:
         - @ConditionalOnMissingBean (types: org.springframework.transaction.annotation.AbstractTransactionManagementConfiguration; SearchStrategy: all) found beans of type 'org.springframework.transaction.annotation.AbstractTransactionManagementConfiguration' org.springframework.transaction.annotation.ProxyTransactionManagementConfiguration (OnBeanCondition)

   TransactionAutoConfiguration.EnableTransactionManagementConfiguration.CglibAutoProxyConfiguration:
      Did not match:
         - Ancestor org.springframework.boot.autoconfigure.transaction.TransactionAutoConfiguration$EnableTransactionManagementConfiguration did not match (ConditionEvaluationReport.AncestorsMatchedCondition)
      Matched:
         - @ConditionalOnProperty (spring.aop.proxy-target-class=true) matched (OnPropertyCondition)

   TransactionAutoConfiguration.EnableTransactionManagementConfiguration.JdkDynamicAutoProxyConfiguration:
      Did not match:
         - @ConditionalOnProperty (spring.aop.proxy-target-class=false) did not find property 'proxy-target-class' (OnPropertyCondition)
         - Ancestor org.springframework.boot.autoconfigure.transaction.TransactionAutoConfiguration$EnableTransactionManagementConfiguration did not match (ConditionEvaluationReport.AncestorsMatchedCondition)

   UserDetailsServiceAutoConfiguration:
      Did not match:
         - @ConditionalOnMissingBean (types: org.springframework.security.authentication.AuthenticationManager,org.springframework.security.authentication.AuthenticationProvider,org.springframework.security.core.userdetails.UserDetailsService,org.springframework.security.authentication.AuthenticationManagerResolver,org.springframework.security.oauth2.jwt.JwtDecoder; SearchStrategy: all) found beans of type 'org.springframework.security.authentication.AuthenticationManager' authenticationManager, defaultAuthenticationBuilder and found beans of type 'org.springframework.security.core.userdetails.UserDetailsService' authUserDetailsService and found beans of type 'org.springframework.security.authentication.AuthenticationProvider' jdbcAuthenticationProvider (OnBeanCondition)
      Matched:
         - @ConditionalOnClass found required class 'org.springframework.security.authentication.AuthenticationManager' (OnClassCondition)
         - found 'session' scope (OnWebApplicationCondition)
         - AnyNestedCondition 1 matched 2 did not; NestedCondition on UserDetailsServiceAutoConfiguration.MissingAlternativeOrUserPropertiesConfigured.PasswordConfigured @ConditionalOnProperty (spring.security.user.password) did not find property 'password'; NestedCondition on UserDetailsServiceAutoConfiguration.MissingAlternativeOrUserPropertiesConfigured.NameConfigured @ConditionalOnProperty (spring.security.user.name) did not find property 'name'; NestedCondition on UserDetailsServiceAutoConfiguration.MissingAlternativeOrUserPropertiesConfigured.MissingAlternative @ConditionalOnMissingClass did not find unwanted classes 'org.springframework.security.oauth2.client.registration.ClientRegistrationRepository', 'org.springframework.security.oauth2.server.resource.introspection.OpaqueTokenIntrospector', 'org.springframework.security.saml2.provider.service.registration.RelyingPartyRegistrationRepository' (UserDetailsServiceAutoConfiguration.MissingAlternativeOrUserPropertiesConfigured)

   WavefrontAutoConfiguration:
      Did not match:
         - @ConditionalOnClass did not find required class 'com.wavefront.sdk.common.application.ApplicationTags' (OnClassCondition)

   WavefrontMetricsExportAutoConfiguration:
      Did not match:
         - @ConditionalOnClass did not find required class 'com.wavefront.sdk.common.WavefrontSender' (OnClassCondition)

   WavefrontTracingAutoConfiguration:
      Did not match:
         - @ConditionalOnClass did not find required class 'com.wavefront.sdk.common.WavefrontSender' (OnClassCondition)

   WebFluxAutoConfiguration:
      Did not match:
         - not a reactive web application (OnWebApplicationCondition)
      Matched:
         - @ConditionalOnClass found required class 'org.springframework.web.reactive.config.WebFluxConfigurer' (OnClassCondition)

   WebFluxEndpointManagementContextConfiguration:
      Did not match:
         - not a reactive web application (OnWebApplicationCondition)
      Matched:
         - @ConditionalOnClass found required classes 'org.springframework.web.reactive.DispatcherHandler', 'org.springframework.http.server.reactive.HttpHandler' (OnClassCondition)

   WebFluxObservationAutoConfiguration:
      Did not match:
         - not a reactive web application (OnWebApplicationCondition)
      Matched:
         - @ConditionalOnClass found required classes 'io.micrometer.observation.Observation', 'io.micrometer.core.instrument.MeterRegistry' (OnClassCondition)

   WebMvcAutoConfiguration#hiddenHttpMethodFilter:
      Did not match:
         - @ConditionalOnProperty (spring.mvc.hiddenmethod.filter.enabled) did not find property 'enabled' (OnPropertyCondition)

   WebMvcAutoConfiguration.ProblemDetailsErrorHandlingConfiguration:
      Did not match:
         - @ConditionalOnProperty (spring.mvc.problemdetails.enabled=true) did not find property 'enabled' (OnPropertyCondition)

   WebMvcAutoConfiguration.WebMvcAutoConfigurationAdapter#beanNameViewResolver:
      Did not match:
         - @ConditionalOnMissingBean (types: org.springframework.web.servlet.view.BeanNameViewResolver; SearchStrategy: all) found beans of type 'org.springframework.web.servlet.view.BeanNameViewResolver' beanNameViewResolver (OnBeanCondition)

   WebMvcEndpointManagementContextConfiguration#managementHealthEndpointWebMvcHandlerMapping:
      Did not match:
         - Management Port actual port type (SAME) did not match required type (DIFFERENT) (OnManagementPortCondition)

   WebServiceTemplateAutoConfiguration:
      Did not match:
         - @ConditionalOnClass did not find required class 'org.springframework.oxm.Marshaller' (OnClassCondition)

   WebServicesAutoConfiguration:
      Did not match:
         - @ConditionalOnClass did not find required class 'org.springframework.ws.transport.http.MessageDispatcherServlet' (OnClassCondition)

   WebSessionIdResolverAutoConfiguration:
      Did not match:
         - not a reactive web application (OnWebApplicationCondition)
      Matched:
         - @ConditionalOnClass found required classes 'org.springframework.web.server.session.WebSessionManager', 'reactor.core.publisher.Mono' (OnClassCondition)

   WebSocketMessagingAutoConfiguration:
      Did not match:
         - @ConditionalOnClass did not find required class 'org.springframework.web.socket.config.annotation.WebSocketMessageBrokerConfigurer' (OnClassCondition)

   WebSocketReactiveAutoConfiguration:
      Did not match:
         - not a reactive web application (OnWebApplicationCondition)
      Matched:
         - @ConditionalOnClass found required classes 'jakarta.servlet.Servlet', 'jakarta.websocket.server.ServerContainer' (OnClassCondition)

   WebSocketServletAutoConfiguration.JettyWebSocketConfiguration:
      Did not match:
         - @ConditionalOnClass did not find required class 'org.eclipse.jetty.ee10.websocket.jakarta.server.config.JakartaWebSocketServletContainerInitializer' (OnClassCondition)

   WebSocketServletAutoConfiguration.UndertowWebSocketConfiguration:
      Did not match:
         - @ConditionalOnClass did not find required class 'io.undertow.websockets.jsr.Bootstrap' (OnClassCondition)

   XADataSourceAutoConfiguration:
      Did not match:
         - @ConditionalOnBean (types: org.springframework.boot.jdbc.XADataSourceWrapper; SearchStrategy: all) did not find any beans of type org.springframework.boot.jdbc.XADataSourceWrapper (OnBeanCondition)
      Matched:
         - @ConditionalOnClass found required classes 'javax.sql.DataSource', 'jakarta.transaction.TransactionManager', 'org.springframework.jdbc.datasource.embedded.EmbeddedDatabaseType' (OnClassCondition)

   ZipkinAutoConfiguration:
      Did not match:
         - @ConditionalOnClass did not find required class 'zipkin2.reporter.Encoding' (OnClassCondition)


Exclusions:
-----------

    None


Unconditional classes:
----------------------

    org.springframework.boot.autoconfigure.context.ConfigurationPropertiesAutoConfiguration

    org.springframework.boot.actuate.autoconfigure.availability.AvailabilityHealthContributorAutoConfiguration

    org.springframework.boot.autoconfigure.ssl.SslAutoConfiguration

    org.springframework.boot.actuate.autoconfigure.info.InfoContributorAutoConfiguration

    org.springframework.boot.autoconfigure.context.PropertyPlaceholderAutoConfiguration

    org.springframework.boot.autoconfigure.context.LifecycleAutoConfiguration

    org.springframework.boot.actuate.autoconfigure.metrics.integration.IntegrationMetricsAutoConfiguration

    org.springframework.boot.actuate.autoconfigure.endpoint.EndpointAutoConfiguration

    org.springframework.boot.actuate.autoconfigure.web.server.ManagementContextAutoConfiguration

    org.springframework.boot.actuate.autoconfigure.health.HealthContributorAutoConfiguration

    org.springframework.boot.actuate.autoconfigure.endpoint.jackson.JacksonEndpointAutoConfiguration

    org.springdoc.core.configuration.SpringDocSpecPropertiesConfiguration

    org.springframework.boot.autoconfigure.availability.ApplicationAvailabilityAutoConfiguration

    org.springframework.boot.autoconfigure.info.ProjectInfoAutoConfiguration



2025-06-15T13:50:17.631+07:00  INFO 20524 --- [Sekoraga] [           main] c.s.sekoraga.SekoragaApplicationTests    : Started SekoragaApplicationTests in 36.219 seconds (process running for 38.567)
2025-06-15T13:50:17.868+07:00 DEBUG 20524 --- [Sekoraga] [           main] o.s.b.a.ApplicationAvailabilityBean      : Application availability state LivenessState changed to CORRECT
2025-06-15T13:50:17.876+07:00 DEBUG 20524 --- [Sekoraga] [           main] o.s.boot.devtools.restart.Restarter      : Creating new Restarter for thread Thread[#1,main,5,main]
2025-06-15T13:50:17.876+07:00 DEBUG 20524 --- [Sekoraga] [           main] o.s.b.a.ApplicationAvailabilityBean      : Application availability state ReadinessState changed to ACCEPTING_TRAFFIC
2025-06-15T13:50:17.882+07:00 DEBUG 20524 --- [Sekoraga] [           main] org.springframework.test.context.cache   : Spring test ApplicationContext cache statistics: [DefaultContextCache@60bd3a8b size = 1, maxSize = 32, parentContextCount = 0, hitCount = 0, missCount = 1, failureCount = 0]
2025-06-15T13:50:17.882+07:00 DEBUG 20524 --- [Sekoraga] [           main] o.s.t.c.w.ServletTestExecutionListener   : Setting up MockHttpServletRequest, MockHttpServletResponse, ServletWebRequest, and RequestContextHolder for test class com.skrg.sekoraga.SekoragaApplicationTests
2025-06-15T13:50:17.903+07:00 DEBUG 20524 --- [Sekoraga] [           main] DependencyInjectionTestExecutionListener : Performing dependency injection for test class com.skrg.sekoraga.SekoragaApplicationTests
2025-06-15T13:50:17.905+07:00 DEBUG 20524 --- [Sekoraga] [           main] org.springframework.test.context.cache   : Spring test ApplicationContext cache statistics: [DefaultContextCache@60bd3a8b size = 1, maxSize = 32, parentContextCount = 0, hitCount = 1, missCount = 1, failureCount = 0]
2025-06-15T13:50:17.905+07:00 DEBUG 20524 --- [Sekoraga] [           main] org.springframework.test.context.cache   : Spring test ApplicationContext cache statistics: [DefaultContextCache@60bd3a8b size = 1, maxSize = 32, parentContextCount = 0, hitCount = 2, missCount = 1, failureCount = 0]
2025-06-15T13:50:17.914+07:00 DEBUG 20524 --- [Sekoraga] [           main] sContextBeforeModesTestExecutionListener : Before test method: class [SekoragaApplicationTests], method [contextLoads], class annotated with @DirtiesContext [false] with mode [null], method annotated with @DirtiesContext [false] with mode [null]
2025-06-15T13:50:17.918+07:00 DEBUG 20524 --- [Sekoraga] [           main] org.springframework.test.context.cache   : Spring test ApplicationContext cache statistics: [DefaultContextCache@60bd3a8b size = 1, maxSize = 32, parentContextCount = 0, hitCount = 3, missCount = 1, failureCount = 0]
2025-06-15T13:50:17.931+07:00 DEBUG 20524 --- [Sekoraga] [           main] org.springframework.test.context.cache   : Spring test ApplicationContext cache statistics: [DefaultContextCache@60bd3a8b size = 1, maxSize = 32, parentContextCount = 0, hitCount = 4, missCount = 1, failureCount = 0]
2025-06-15T13:50:19.752+07:00 DEBUG 20524 --- [Sekoraga] [           main] org.springframework.test.context.cache   : Spring test ApplicationContext cache statistics: [DefaultContextCache@60bd3a8b size = 1, maxSize = 32, parentContextCount = 0, hitCount = 5, missCount = 1, failureCount = 0]
2025-06-15T13:50:19.770+07:00 DEBUG 20524 --- [Sekoraga] [           main] org.springframework.test.context.cache   : Spring test ApplicationContext cache statistics: [DefaultContextCache@60bd3a8b size = 1, maxSize = 32, parentContextCount = 0, hitCount = 6, missCount = 1, failureCount = 0]
2025-06-15T13:50:19.785+07:00 DEBUG 20524 --- [Sekoraga] [           main] org.springframework.test.context.cache   : Spring test ApplicationContext cache statistics: [DefaultContextCache@60bd3a8b size = 1, maxSize = 32, parentContextCount = 0, hitCount = 7, missCount = 1, failureCount = 0]
2025-06-15T13:50:19.787+07:00 DEBUG 20524 --- [Sekoraga] [           main] org.springframework.test.context.cache   : Spring test ApplicationContext cache statistics: [DefaultContextCache@60bd3a8b size = 1, maxSize = 32, parentContextCount = 0, hitCount = 8, missCount = 1, failureCount = 0]
2025-06-15T13:50:19.793+07:00 DEBUG 20524 --- [Sekoraga] [           main] org.springframework.test.context.cache   : Spring test ApplicationContext cache statistics: [DefaultContextCache@60bd3a8b size = 1, maxSize = 32, parentContextCount = 0, hitCount = 9, missCount = 1, failureCount = 0]
2025-06-15T13:50:19.793+07:00 DEBUG 20524 --- [Sekoraga] [           main] org.springframework.test.context.cache   : Spring test ApplicationContext cache statistics: [DefaultContextCache@60bd3a8b size = 1, maxSize = 32, parentContextCount = 0, hitCount = 10, missCount = 1, failureCount = 0]
2025-06-15T13:50:19.795+07:00 DEBUG 20524 --- [Sekoraga] [           main] org.springframework.test.context.cache   : Spring test ApplicationContext cache statistics: [DefaultContextCache@60bd3a8b size = 1, maxSize = 32, parentContextCount = 0, hitCount = 11, missCount = 1, failureCount = 0]
2025-06-15T13:50:19.800+07:00 DEBUG 20524 --- [Sekoraga] [           main] org.springframework.test.context.cache   : Spring test ApplicationContext cache statistics: [DefaultContextCache@60bd3a8b size = 1, maxSize = 32, parentContextCount = 0, hitCount = 12, missCount = 1, failureCount = 0]
2025-06-15T13:50:19.804+07:00 DEBUG 20524 --- [Sekoraga] [           main] org.springframework.test.context.cache   : Spring test ApplicationContext cache statistics: [DefaultContextCache@60bd3a8b size = 1, maxSize = 32, parentContextCount = 0, hitCount = 13, missCount = 1, failureCount = 0]
2025-06-15T13:50:19.807+07:00 DEBUG 20524 --- [Sekoraga] [           main] org.springframework.test.context.cache   : Spring test ApplicationContext cache statistics: [DefaultContextCache@60bd3a8b size = 1, maxSize = 32, parentContextCount = 0, hitCount = 14, missCount = 1, failureCount = 0]
2025-06-15T13:50:19.809+07:00 DEBUG 20524 --- [Sekoraga] [           main] .c.s.DirtiesContextTestExecutionListener : After test method: class [SekoragaApplicationTests], method [contextLoads], class annotated with @DirtiesContext [false] with mode [null], method annotated with @DirtiesContext [false] with mode [null]
2025-06-15T13:50:19.809+07:00 DEBUG 20524 --- [Sekoraga] [           main] o.s.t.c.w.ServletTestExecutionListener   : Resetting RequestContextHolder for test class com.skrg.sekoraga.SekoragaApplicationTests
]]></system-out>
    <system-err><![CDATA[Mockito is currently self-attaching to enable the inline-mock-maker. This will no longer work in future releases of the JDK. Please add Mockito as an agent to your build what is described in Mockito's documentation: https://javadoc.io/doc/org.mockito/mockito-core/latest/org/mockito/Mockito.html#0.3
WARNING: A Java agent has been loaded dynamically (C:\.m2\repository\net\bytebuddy\byte-buddy-agent\1.15.11\byte-buddy-agent-1.15.11.jar)
WARNING: If a serviceability tool is in use, please run with -XX:+EnableDynamicAgentLoading to hide this warning
WARNING: If a serviceability tool is not in use, please run with -Djdk.instrument.traceUsage for more information
WARNING: Dynamic loading of agents will be disallowed by default in a future release
]]></system-err>
  </testcase>
</testsuite>